Looking for git in: git
Using git 2.25.1 from git
> git rev-parse --git-dir
Open repository: /home/vivek/Desktop/PracticeProblems_Java
> git status -z -u
> git symbolic-ref --short HEAD
> git for-each-ref --format=%(refname)%00%(upstream:short)%00%(upstream:track)%00%(objectname) refs/heads/master refs/remotes/master
> git for-each-ref --sort -committerdate --format %(refname) %(objectname) %(*objectname)
> git remote --verbose
> git config --get commit.template
> git check-ignore -v -z --stdin
> git show --textconv :src/basic_programs/binarytreeImplementation/BinaryTreeApp.java
> git ls-files --stage -- /home/vivek/Desktop/PracticeProblems_Java/src/basic_programs/binarytreeImplementation/BinaryTreeApp.java
> git cat-file -s c4646bf9aa251a195f6014d0ae774a643bbfccb5
> git status -z -u
> git symbolic-ref --short HEAD
> git for-each-ref --format=%(refname)%00%(upstream:short)%00%(upstream:track)%00%(objectname) refs/heads/master refs/remotes/master
> git for-each-ref --sort -committerdate --format %(refname) %(objectname) %(*objectname)
> git remote --verbose
> git config --get commit.template
> git status -z -u
> git symbolic-ref --short HEAD
> git for-each-ref --format=%(refname)%00%(upstream:short)%00%(upstream:track)%00%(objectname) refs/heads/master refs/remotes/master
> git for-each-ref --sort -committerdate --format %(refname) %(objectname) %(*objectname)
> git remote --verbose
> git config --get commit.template
> git ls-files --stage -- /home/vivek/Desktop/PracticeProblems_Java/src/basic_programs/binarytreeImplementation/BinaryTreeApp.java
> git cat-file -s c4646bf9aa251a195f6014d0ae774a643bbfccb5
> git show --textconv :src/basic_programs/binarytreeImplementation/BinaryTreeApp.java
> git status -z -u
> git symbolic-ref --short HEAD
> git for-each-ref --format=%(refname)%00%(upstream:short)%00%(upstream:track)%00%(objectname) refs/heads/master refs/remotes/master
> git for-each-ref --sort -committerdate --format %(refname) %(objectname) %(*objectname)
> git remote --verbose
> git config --get commit.template
> git status -z -u
> git symbolic-ref --short HEAD
> git for-each-ref --format=%(refname)%00%(upstream:short)%00%(upstream:track)%00%(objectname) refs/heads/master refs/remotes/master
> git for-each-ref --sort -committerdate --format %(refname) %(objectname) %(*objectname)
> git remote --verbose
> git config --get commit.template
> git ls-files --stage -- /home/vivek/Desktop/PracticeProblems_Java/src/basic_programs/binarytreeImplementation/BinaryTreeApp.java
> git cat-file -s c4646bf9aa251a195f6014d0ae774a643bbfccb5
> git show --textconv :src/basic_programs/binarytreeImplementation/BinaryTreeApp.java
> git status -z -u
> git symbolic-ref --short HEAD
> git for-each-ref --format=%(refname)%00%(upstream:short)%00%(upstream:track)%00%(objectname) refs/heads/master refs/remotes/master
> git for-each-ref --sort -committerdate --format %(refname) %(objectname) %(*objectname)
> git remote --verbose
> git config --get commit.template
> git status -z -u
> git symbolic-ref --short HEAD
> git for-each-ref --format=%(refname)%00%(upstream:short)%00%(upstream:track)%00%(objectname) refs/heads/master refs/remotes/master
> git for-each-ref --sort -committerdate --format %(refname) %(objectname) %(*objectname)
> git remote --verbose
> git config --get commit.template
> git ls-files --stage -- /home/vivek/Desktop/PracticeProblems_Java/src/basic_programs/binarytreeImplementation/BinaryTreeApp.java
> git cat-file -s 42a9398fe637d348437c89139bd0346c835369e9
> git show --textconv :src/basic_programs/binarytreeImplementation/BinaryTreeApp.java
> git status -z -u
> git symbolic-ref --short HEAD
> git for-each-ref --format=%(refname)%00%(upstream:short)%00%(upstream:track)%00%(objectname) refs/heads/master refs/remotes/master
> git for-each-ref --sort -committerdate --format %(refname) %(objectname) %(*objectname)
> git remote --verbose
> git config --get commit.template
> git ls-files --stage -- /home/vivek/Desktop/PracticeProblems_Java/src/basic_programs/binarytreeImplementation/BinaryTreeApp.java
> git cat-file -s 42a9398fe637d348437c89139bd0346c835369e9
> git show --textconv :src/basic_programs/binarytreeImplementation/BinaryTreeApp.java
> git status -z -u
> git symbolic-ref --short HEAD
> git for-each-ref --format=%(refname)%00%(upstream:short)%00%(upstream:track)%00%(objectname) refs/heads/master refs/remotes/master
> git for-each-ref --sort -committerdate --format %(refname) %(objectname) %(*objectname)
> git remote --verbose
> git config --get commit.template
> git status -z -u
> git symbolic-ref --short HEAD
> git for-each-ref --format=%(refname)%00%(upstream:short)%00%(upstream:track)%00%(objectname) refs/heads/master refs/remotes/master
> git for-each-ref --sort -committerdate --format %(refname) %(objectname) %(*objectname)
> git remote --verbose
> git config --get commit.template
> git show --textconv :src/basic_programs/binarytreeImplementation/BinaryTree.java
> git ls-files --stage -- /home/vivek/Desktop/PracticeProblems_Java/src/basic_programs/binarytreeImplementation/BinaryTree.java
> git cat-file -s 83939de23305dffb9f868340dbd331beff690edc
> git check-ignore -v -z --stdin
> git check-ignore -v -z --stdin
> git check-ignore -v -z --stdin
> git check-ignore -v -z --stdin
> git check-ignore -v -z --stdin
> git check-ignore -v -z --stdin
> git show --textconv :src/basic_programs/CoinCollectionAssignment/Coin.java
> git ls-files --stage -- /home/vivek/Desktop/PracticeProblems_Java/src/basic_programs/CoinCollectionAssignment/Coin.java
> git cat-file -s aae34065d9de76c5e22f64ea63452a85b7a69eb9
> git show --textconv :src/basic_programs/CoinCollectionAssignment/App.java
> git ls-files --stage -- /home/vivek/Desktop/PracticeProblems_Java/src/basic_programs/CoinCollectionAssignment/App.java
> git check-ignore -v -z --stdin
> git status -z -u
> git symbolic-ref --short HEAD
> git for-each-ref --format=%(refname)%00%(upstream:short)%00%(upstream:track)%00%(objectname) refs/heads/master refs/remotes/master
> git for-each-ref --sort -committerdate --format %(refname) %(objectname) %(*objectname)
> git remote --verbose
> git config --get commit.template
> git status -z -u
> git symbolic-ref --short HEAD
> git for-each-ref --format=%(refname)%00%(upstream:short)%00%(upstream:track)%00%(objectname) refs/heads/master refs/remotes/master
> git for-each-ref --sort -committerdate --format %(refname) %(objectname) %(*objectname)
> git remote --verbose
> git config --get commit.template
> git status -z -u
> git symbolic-ref --short HEAD
> git for-each-ref --format=%(refname)%00%(upstream:short)%00%(upstream:track)%00%(objectname) refs/heads/master refs/remotes/master
> git for-each-ref --sort -committerdate --format %(refname) %(objectname) %(*objectname)
> git remote --verbose
> git config --get commit.template
> git status -z -u
> git symbolic-ref --short HEAD
> git for-each-ref --format=%(refname)%00%(upstream:short)%00%(upstream:track)%00%(objectname) refs/heads/master refs/remotes/master
> git for-each-ref --sort -committerdate --format %(refname) %(objectname) %(*objectname)
> git remote --verbose
> git config --get commit.template
> git show --textconv :src/basic_programs/CoinCollectionAssignment/Coin.java
> git ls-files --stage -- /home/vivek/Desktop/PracticeProblems_Java/src/basic_programs/CoinCollectionAssignment/Coin.java
> git cat-file -s aae34065d9de76c5e22f64ea63452a85b7a69eb9
> git show --textconv :src/basic_programs/CoinCollectionAssignment/App.java
> git ls-files --stage -- /home/vivek/Desktop/PracticeProblems_Java/src/basic_programs/CoinCollectionAssignment/App.java
> git show --textconv :src/basic_programs/CoinCollectionAssignment/Coin.java
> git ls-files --stage -- /home/vivek/Desktop/PracticeProblems_Java/src/basic_programs/CoinCollectionAssignment/Coin.java
> git cat-file -s aae34065d9de76c5e22f64ea63452a85b7a69eb9
> git show --textconv :src/basic_programs/CoinCollectionAssignment/App.java
> git ls-files --stage -- /home/vivek/Desktop/PracticeProblems_Java/src/basic_programs/CoinCollectionAssignment/App.java
> git show --textconv :src/basic_programs/CoinCollectionAssignment/Coin.java
> git ls-files --stage -- /home/vivek/Desktop/PracticeProblems_Java/src/basic_programs/CoinCollectionAssignment/Coin.java
> git cat-file -s aae34065d9de76c5e22f64ea63452a85b7a69eb9
> git show --textconv :src/basic_programs/CoinCollectionAssignment/App.java
> git ls-files --stage -- /home/vivek/Desktop/PracticeProblems_Java/src/basic_programs/CoinCollectionAssignment/App.java
> git show --textconv :src/basic_programs/CoinCollectionAssignment/Coin.java
> git ls-files --stage -- /home/vivek/Desktop/PracticeProblems_Java/src/basic_programs/CoinCollectionAssignment/Coin.java
> git cat-file -s aae34065d9de76c5e22f64ea63452a85b7a69eb9
> git show --textconv :src/basic_programs/CoinCollectionAssignment/App.java
> git ls-files --stage -- /home/vivek/Desktop/PracticeProblems_Java/src/basic_programs/CoinCollectionAssignment/App.java
> git show --textconv :src/basic_programs/CoinCollectionAssignment/Coin.java
> git ls-files --stage -- /home/vivek/Desktop/PracticeProblems_Java/src/basic_programs/CoinCollectionAssignment/Coin.java
> git cat-file -s aae34065d9de76c5e22f64ea63452a85b7a69eb9
> git show --textconv :src/basic_programs/CoinCollectionAssignment/App.java
> git ls-files --stage -- /home/vivek/Desktop/PracticeProblems_Java/src/basic_programs/CoinCollectionAssignment/App.java
> git show --textconv :src/basic_programs/CoinCollectionAssignment/Coin.java
> git ls-files --stage -- /home/vivek/Desktop/PracticeProblems_Java/src/basic_programs/CoinCollectionAssignment/Coin.java
> git cat-file -s aae34065d9de76c5e22f64ea63452a85b7a69eb9
> git show --textconv :src/basic_programs/CoinCollectionAssignment/App.java
> git ls-files --stage -- /home/vivek/Desktop/PracticeProblems_Java/src/basic_programs/CoinCollectionAssignment/App.java
> git status -z -u
> git symbolic-ref --short HEAD
> git for-each-ref --format=%(refname)%00%(upstream:short)%00%(upstream:track)%00%(objectname) refs/heads/master refs/remotes/master
> git for-each-ref --sort -committerdate --format %(refname) %(objectname) %(*objectname)
> git remote --verbose
> git config --get commit.template
> git show --textconv :src/basic_programs/CoinCollectionAssignment/Coin.java
> git ls-files --stage -- /home/vivek/Desktop/PracticeProblems_Java/src/basic_programs/CoinCollectionAssignment/Coin.java
> git cat-file -s aae34065d9de76c5e22f64ea63452a85b7a69eb9
> git show --textconv :src/basic_programs/CoinCollectionAssignment/App.java
> git ls-files --stage -- /home/vivek/Desktop/PracticeProblems_Java/src/basic_programs/CoinCollectionAssignment/App.java
> git status -z -u
> git symbolic-ref --short HEAD
> git for-each-ref --format=%(refname)%00%(upstream:short)%00%(upstream:track)%00%(objectname) refs/heads/master refs/remotes/master
> git for-each-ref --sort -committerdate --format %(refname) %(objectname) %(*objectname)
> git remote --verbose
> git config --get commit.template
> git status -z -u
> git symbolic-ref --short HEAD
> git for-each-ref --format=%(refname)%00%(upstream:short)%00%(upstream:track)%00%(objectname) refs/heads/master refs/remotes/master
> git for-each-ref --sort -committerdate --format %(refname) %(objectname) %(*objectname)
> git remote --verbose
> git config --get commit.template
> git status -z -u
> git symbolic-ref --short HEAD
> git for-each-ref --format=%(refname)%00%(upstream:short)%00%(upstream:track)%00%(objectname) refs/heads/master refs/remotes/master
> git for-each-ref --sort -committerdate --format %(refname) %(objectname) %(*objectname)
> git remote --verbose
> git config --get commit.template
> git show --textconv :src/basic_programs/CoinCollectionAssignment/Coin.java
> git ls-files --stage -- /home/vivek/Desktop/PracticeProblems_Java/src/basic_programs/CoinCollectionAssignment/Coin.java
> git cat-file -s aae34065d9de76c5e22f64ea63452a85b7a69eb9
> git show --textconv :src/basic_programs/CoinCollectionAssignment/App.java
> git ls-files --stage -- /home/vivek/Desktop/PracticeProblems_Java/src/basic_programs/CoinCollectionAssignment/App.java
> git status -z -u
> git symbolic-ref --short HEAD
> git for-each-ref --format=%(refname)%00%(upstream:short)%00%(upstream:track)%00%(objectname) refs/heads/master refs/remotes/master
> git for-each-ref --sort -committerdate --format %(refname) %(objectname) %(*objectname)
> git remote --verbose
> git config --get commit.template
> git status -z -u
> git symbolic-ref --short HEAD
> git for-each-ref --format=%(refname)%00%(upstream:short)%00%(upstream:track)%00%(objectname) refs/heads/master refs/remotes/master
> git for-each-ref --sort -committerdate --format %(refname) %(objectname) %(*objectname)
> git remote --verbose
> git config --get commit.template
> git status -z -u
> git symbolic-ref --short HEAD
> git for-each-ref --format=%(refname)%00%(upstream:short)%00%(upstream:track)%00%(objectname) refs/heads/master refs/remotes/master
> git for-each-ref --sort -committerdate --format %(refname) %(objectname) %(*objectname)
> git remote --verbose
> git config --get commit.template
> git status -z -u
> git symbolic-ref --short HEAD
> git for-each-ref --format=%(refname)%00%(upstream:short)%00%(upstream:track)%00%(objectname) refs/heads/master refs/remotes/master
> git for-each-ref --sort -committerdate --format %(refname) %(objectname) %(*objectname)
> git remote --verbose
> git config --get commit.template
> git status -z -u
> git symbolic-ref --short HEAD
> git for-each-ref --format=%(refname)%00%(upstream:short)%00%(upstream:track)%00%(objectname) refs/heads/master refs/remotes/master
> git for-each-ref --sort -committerdate --format %(refname) %(objectname) %(*objectname)
> git remote --verbose
> git config --get commit.template
> git status -z -u
> git check-ignore -v -z --stdin
> git symbolic-ref --short HEAD
> git for-each-ref --format=%(refname)%00%(upstream:short)%00%(upstream:track)%00%(objectname) refs/heads/master refs/remotes/master
> git for-each-ref --sort -committerdate --format %(refname) %(objectname) %(*objectname)
> git remote --verbose
> git config --get commit.template
> git show --textconv :src/basic_programs/CoinCollectionAssignment/Coin.java
> git ls-files --stage -- /home/vivek/Desktop/PracticeProblems_Java/src/basic_programs/CoinCollectionAssignment/Coin.java
> git cat-file -s aae34065d9de76c5e22f64ea63452a85b7a69eb9
> git status -z -u
> git symbolic-ref --short HEAD
> git for-each-ref --format=%(refname)%00%(upstream:short)%00%(upstream:track)%00%(objectname) refs/heads/master refs/remotes/master
> git for-each-ref --sort -committerdate --format %(refname) %(objectname) %(*objectname)
> git remote --verbose
> git config --get commit.template
> git show --textconv :src/basic_programs/CoinCollectionAssignment/App.java
> git ls-files --stage -- /home/vivek/Desktop/PracticeProblems_Java/src/basic_programs/CoinCollectionAssignment/App.java
> git status -z -u
> git symbolic-ref --short HEAD
> git for-each-ref --format=%(refname)%00%(upstream:short)%00%(upstream:track)%00%(objectname) refs/heads/master refs/remotes/master
> git for-each-ref --sort -committerdate --format %(refname) %(objectname) %(*objectname)
> git remote --verbose
> git config --get commit.template
> git status -z -u
> git symbolic-ref --short HEAD
> git for-each-ref --format=%(refname)%00%(upstream:short)%00%(upstream:track)%00%(objectname) refs/heads/master refs/remotes/master
> git for-each-ref --sort -committerdate --format %(refname) %(objectname) %(*objectname)
> git remote --verbose
> git config --get commit.template
> git ls-files --stage -- /home/vivek/Desktop/PracticeProblems_Java/src/basic_programs/CoinCollectionAssignment/App.java
> git cat-file -s 97d3b95b83b03607b0390486d1d9cab2badfe95b
> git show --textconv :src/basic_programs/CoinCollectionAssignment/App.java
> git status -z -u
> git symbolic-ref --short HEAD
> git for-each-ref --format=%(refname)%00%(upstream:short)%00%(upstream:track)%00%(objectname) refs/heads/master refs/remotes/master
> git for-each-ref --sort -committerdate --format %(refname) %(objectname) %(*objectname)
> git remote --verbose
> git config --get commit.template
> git status -z -u
> git symbolic-ref --short HEAD
> git for-each-ref --format=%(refname)%00%(upstream:short)%00%(upstream:track)%00%(objectname) refs/heads/master refs/remotes/master
> git for-each-ref --sort -committerdate --format %(refname) %(objectname) %(*objectname)
> git remote --verbose
> git config --get commit.template
> git ls-files --stage -- /home/vivek/Desktop/PracticeProblems_Java/src/basic_programs/CoinCollectionAssignment/App.java
> git cat-file -s 97d3b95b83b03607b0390486d1d9cab2badfe95b
> git show --textconv :src/basic_programs/CoinCollectionAssignment/App.java
> git status -z -u
> git symbolic-ref --short HEAD
> git for-each-ref --format=%(refname)%00%(upstream:short)%00%(upstream:track)%00%(objectname) refs/heads/master refs/remotes/master
> git for-each-ref --sort -committerdate --format %(refname) %(objectname) %(*objectname)
> git remote --verbose
> git config --get commit.template
> git status -z -u
> git symbolic-ref --short HEAD
> git for-each-ref --format=%(refname)%00%(upstream:short)%00%(upstream:track)%00%(objectname) refs/heads/master refs/remotes/master
> git for-each-ref --sort -committerdate --format %(refname) %(objectname) %(*objectname)
> git remote --verbose
> git config --get commit.template
> git show --textconv :src/basic_programs/CoinCollectionAssignment/Coin.java
> git ls-files --stage -- /home/vivek/Desktop/PracticeProblems_Java/src/basic_programs/CoinCollectionAssignment/Coin.java
> git cat-file -s 5756b346a010f46caa633a5f283dd65b4e358afa
> git show --textconv :src/basic_programs/CoinCollectionAssignment/App.java
> git ls-files --stage -- /home/vivek/Desktop/PracticeProblems_Java/src/basic_programs/CoinCollectionAssignment/App.java
> git cat-file -s 97d3b95b83b03607b0390486d1d9cab2badfe95b
> git status -z -u
> git symbolic-ref --short HEAD
> git for-each-ref --format=%(refname)%00%(upstream:short)%00%(upstream:track)%00%(objectname) refs/heads/master refs/remotes/master
> git for-each-ref --sort -committerdate --format %(refname) %(objectname) %(*objectname)
> git remote --verbose
> git config --get commit.template
> git status -z -u
> git symbolic-ref --short HEAD
> git for-each-ref --format=%(refname)%00%(upstream:short)%00%(upstream:track)%00%(objectname) refs/heads/master refs/remotes/master
> git for-each-ref --sort -committerdate --format %(refname) %(objectname) %(*objectname)
> git remote --verbose
> git config --get commit.template
> git status -z -u
> git symbolic-ref --short HEAD
> git for-each-ref --format=%(refname)%00%(upstream:short)%00%(upstream:track)%00%(objectname) refs/heads/master refs/remotes/master
> git for-each-ref --sort -committerdate --format %(refname) %(objectname) %(*objectname)
> git remote --verbose
> git config --get commit.template
> git status -z -u
> git symbolic-ref --short HEAD
> git for-each-ref --format=%(refname)%00%(upstream:short)%00%(upstream:track)%00%(objectname) refs/heads/master refs/remotes/master
> git for-each-ref --sort -committerdate --format %(refname) %(objectname) %(*objectname)
> git remote --verbose
> git config --get commit.template
> git status -z -u
> git symbolic-ref --short HEAD
> git for-each-ref --format=%(refname)%00%(upstream:short)%00%(upstream:track)%00%(objectname) refs/heads/master refs/remotes/master
> git for-each-ref --sort -committerdate --format %(refname) %(objectname) %(*objectname)
> git remote --verbose
> git config --get commit.template
> git show --textconv :src/basic_programs/CoinCollectionAssignment/Coin.java
> git ls-files --stage -- /home/vivek/Desktop/PracticeProblems_Java/src/basic_programs/CoinCollectionAssignment/Coin.java
> git cat-file -s 5756b346a010f46caa633a5f283dd65b4e358afa
> git status -z -u
> git symbolic-ref --short HEAD
> git for-each-ref --format=%(refname)%00%(upstream:short)%00%(upstream:track)%00%(objectname) refs/heads/master refs/remotes/master
> git for-each-ref --sort -committerdate --format %(refname) %(objectname) %(*objectname)
> git remote --verbose
> git config --get commit.template
> git show --textconv :src/basic_programs/CoinCollectionAssignment/App.java
> git ls-files --stage -- /home/vivek/Desktop/PracticeProblems_Java/src/basic_programs/CoinCollectionAssignment/App.java
> git cat-file -s 97d3b95b83b03607b0390486d1d9cab2badfe95b
> git show --textconv :src/basic_programs/CoinCollectionAssignment/Coin.java
> git ls-files --stage -- /home/vivek/Desktop/PracticeProblems_Java/src/basic_programs/CoinCollectionAssignment/Coin.java
> git cat-file -s 5756b346a010f46caa633a5f283dd65b4e358afa
> git show --textconv :src/basic_programs/CoinCollectionAssignment/App.java
> git ls-files --stage -- /home/vivek/Desktop/PracticeProblems_Java/src/basic_programs/CoinCollectionAssignment/App.java
> git cat-file -s 97d3b95b83b03607b0390486d1d9cab2badfe95b
> git show --textconv :src/basic_programs/CoinCollectionAssignment/Coin.java
> git ls-files --stage -- /home/vivek/Desktop/PracticeProblems_Java/src/basic_programs/CoinCollectionAssignment/Coin.java
> git cat-file -s 5756b346a010f46caa633a5f283dd65b4e358afa
> git status -z -u
> git symbolic-ref --short HEAD
> git for-each-ref --format=%(refname)%00%(upstream:short)%00%(upstream:track)%00%(objectname) refs/heads/master refs/remotes/master
> git for-each-ref --sort -committerdate --format %(refname) %(objectname) %(*objectname)
> git remote --verbose
> git config --get commit.template
> git status -z -u
> git symbolic-ref --short HEAD
> git for-each-ref --format=%(refname)%00%(upstream:short)%00%(upstream:track)%00%(objectname) refs/heads/master refs/remotes/master
> git for-each-ref --sort -committerdate --format %(refname) %(objectname) %(*objectname)
> git remote --verbose
> git config --get commit.template
> git show --textconv :src/basic_programs/CoinCollectionAssignment/App.java
> git ls-files --stage -- /home/vivek/Desktop/PracticeProblems_Java/src/basic_programs/CoinCollectionAssignment/App.java
> git cat-file -s 97d3b95b83b03607b0390486d1d9cab2badfe95b
> git status -z -u
> git symbolic-ref --short HEAD
> git for-each-ref --format=%(refname)%00%(upstream:short)%00%(upstream:track)%00%(objectname) refs/heads/master refs/remotes/master
> git for-each-ref --sort -committerdate --format %(refname) %(objectname) %(*objectname)
> git remote --verbose
> git config --get commit.template
> git status -z -u
> git symbolic-ref --short HEAD
> git for-each-ref --format=%(refname)%00%(upstream:short)%00%(upstream:track)%00%(objectname) refs/heads/master refs/remotes/master
> git for-each-ref --sort -committerdate --format %(refname) %(objectname) %(*objectname)
> git remote --verbose
> git config --get commit.template
> git status -z -u
> git symbolic-ref --short HEAD
> git for-each-ref --format=%(refname)%00%(upstream:short)%00%(upstream:track)%00%(objectname) refs/heads/master refs/remotes/master
> git for-each-ref --sort -committerdate --format %(refname) %(objectname) %(*objectname)
> git remote --verbose
> git config --get commit.template
> git status -z -u
> git symbolic-ref --short HEAD
> git for-each-ref --format=%(refname)%00%(upstream:short)%00%(upstream:track)%00%(objectname) refs/heads/master refs/remotes/master
> git for-each-ref --sort -committerdate --format %(refname) %(objectname) %(*objectname)
> git remote --verbose
> git config --get commit.template
