[Error - 11:59:04 am] 11-Mar-2021, 11:59:04 AM Error occured while building workspace. Details: 
 message: The import com.mongodb cannot be resolved; code: 268435846; resource: /home/vivek/Desktop/PracticeProblems_Java/src/mongo_Learn/MongoDB_Connection_Test.java; line: 3
 message: The import org.bson cannot be resolved; code: 268435846; resource: /home/vivek/Desktop/PracticeProblems_Java/src/mongo_Learn/MongoDB_Connection_Test.java; line: 4
 message: The import com.mongodb cannot be resolved; code: 268435846; resource: /home/vivek/Desktop/PracticeProblems_Java/src/mongo_Learn/MongoDB_Connection_Test.java; line: 5
 message: MongoClient cannot be resolved to a type; code: 16777218; resource: /home/vivek/Desktop/PracticeProblems_Java/src/mongo_Learn/MongoDB_Connection_Test.java; line: 9
 message: MongoClient cannot be resolved to a type; code: 16777218; resource: /home/vivek/Desktop/PracticeProblems_Java/src/mongo_Learn/MongoDB_Connection_Test.java; line: 9
 message: MongoCredential cannot be resolved to a type; code: 16777218; resource: /home/vivek/Desktop/PracticeProblems_Java/src/mongo_Learn/MongoDB_Connection_Test.java; line: 12
 message: MongoCredential cannot be resolved; code: 570425394; resource: /home/vivek/Desktop/PracticeProblems_Java/src/mongo_Learn/MongoDB_Connection_Test.java; line: 13
 message: MongoDatabase cannot be resolved to a type; code: 16777218; resource: /home/vivek/Desktop/PracticeProblems_Java/src/mongo_Learn/MongoDB_Connection_Test.java; line: 16
 message: MongoCollection cannot be resolved to a type; code: 16777218; resource: /home/vivek/Desktop/PracticeProblems_Java/src/mongo_Learn/MongoDB_Connection_Test.java; line: 18
 message: Document cannot be resolved to a type; code: 16777218; resource: /home/vivek/Desktop/PracticeProblems_Java/src/mongo_Learn/MongoDB_Connection_Test.java; line: 18
 message: Document cannot be resolved to a type; code: 16777218; resource: /home/vivek/Desktop/PracticeProblems_Java/src/mongo_Learn/MongoDB_Connection_Test.java; line: 20
 message: Document cannot be resolved to a type; code: 16777218; resource: /home/vivek/Desktop/PracticeProblems_Java/src/mongo_Learn/MongoDB_Connection_Test.java; line: 20
 message: The declared package "mongo_learn" does not match the expected package "mongo_Learn"; code: 536871240; resource: /home/vivek/Desktop/PracticeProblems_Java/src/mongo_Learn/MongoDB_Connection_Test.java; line: 1
 message: The import com.mongodb cannot be resolved; code: 268435846; resource: /home/vivek/Desktop/PracticeProblems_Java/src/mongo_Learn/MongoDB_Connection_Test.java; line: 2
[Error - 11:59:42 am] 11-Mar-2021, 11:59:42 AM Error occured while building workspace. Details: 
 message: The import com.mongodb cannot be resolved; code: 268435846; resource: /home/vivek/Desktop/PracticeProblems_Java/src/mongo_Learn/MongoDB_Connection_Test.java; line: 3
 message: The import org.bson cannot be resolved; code: 268435846; resource: /home/vivek/Desktop/PracticeProblems_Java/src/mongo_Learn/MongoDB_Connection_Test.java; line: 4
 message: The import com.mongodb cannot be resolved; code: 268435846; resource: /home/vivek/Desktop/PracticeProblems_Java/src/mongo_Learn/MongoDB_Connection_Test.java; line: 5
 message: MongoClient cannot be resolved to a type; code: 16777218; resource: /home/vivek/Desktop/PracticeProblems_Java/src/mongo_Learn/MongoDB_Connection_Test.java; line: 9
 message: MongoClient cannot be resolved to a type; code: 16777218; resource: /home/vivek/Desktop/PracticeProblems_Java/src/mongo_Learn/MongoDB_Connection_Test.java; line: 9
 message: MongoCredential cannot be resolved to a type; code: 16777218; resource: /home/vivek/Desktop/PracticeProblems_Java/src/mongo_Learn/MongoDB_Connection_Test.java; line: 12
 message: MongoCredential cannot be resolved; code: 570425394; resource: /home/vivek/Desktop/PracticeProblems_Java/src/mongo_Learn/MongoDB_Connection_Test.java; line: 13
 message: MongoDatabase cannot be resolved to a type; code: 16777218; resource: /home/vivek/Desktop/PracticeProblems_Java/src/mongo_Learn/MongoDB_Connection_Test.java; line: 16
 message: MongoCollection cannot be resolved to a type; code: 16777218; resource: /home/vivek/Desktop/PracticeProblems_Java/src/mongo_Learn/MongoDB_Connection_Test.java; line: 18
 message: Document cannot be resolved to a type; code: 16777218; resource: /home/vivek/Desktop/PracticeProblems_Java/src/mongo_Learn/MongoDB_Connection_Test.java; line: 18
 message: Document cannot be resolved to a type; code: 16777218; resource: /home/vivek/Desktop/PracticeProblems_Java/src/mongo_Learn/MongoDB_Connection_Test.java; line: 20
 message: Document cannot be resolved to a type; code: 16777218; resource: /home/vivek/Desktop/PracticeProblems_Java/src/mongo_Learn/MongoDB_Connection_Test.java; line: 20
 message: The declared package "mongo_learn" does not match the expected package "mongo_Learn"; code: 536871240; resource: /home/vivek/Desktop/PracticeProblems_Java/src/mongo_Learn/MongoDB_Connection_Test.java; line: 1
 message: The import com.mongodb cannot be resolved; code: 268435846; resource: /home/vivek/Desktop/PracticeProblems_Java/src/mongo_Learn/MongoDB_Connection_Test.java; line: 2
[Error - 12:06:10 pm] 11-Mar-2021, 12:06:10 PM Unable to load IDecompiler class for jarFileContentProvider
[Error - 5:46:00 pm] 11-Mar-2021, 5:46:00 PM Exception occurred during compilation unit conversion:
----------------------------------- SOURCE BEGIN -------------------------------------
package basic_programs;

public class ReverseArray {
    public static void main(String args[]){
        int arr[] = {1,2,3,4,5,6};
         
        for(int i =0 ;i< arr.length/2; i++){
            int temp = arr[i];
            arr[i] = arr[arr.length-1];
            arr[arr.length-1] = temp;
            (arr.length-1)
        }
    }
}

----------------------------------- SOURCE END -------------------------------------
null
java.lang.IllegalArgumentException
	at org.eclipse.jdt.core.dom.InfixExpression.setOperator(InfixExpression.java:383)
	at org.eclipse.jdt.core.dom.ASTConverter.convert(ASTConverter.java:1276)
	at org.eclipse.jdt.core.dom.ASTConverter.convert(ASTConverter.java:2020)
	at org.eclipse.jdt.core.dom.ASTConverter.convertToParenthesizedExpression(ASTConverter.java:3764)
	at org.eclipse.jdt.core.dom.ASTConverter.convert(ASTConverter.java:1932)
	at org.eclipse.jdt.core.dom.ASTConverter.convert(ASTConverter.java:1204)
	at org.eclipse.jdt.core.dom.ASTConverter.convert(ASTConverter.java:1963)
	at org.eclipse.jdt.core.dom.ASTConverter.convert(ASTConverter.java:3023)
	at org.eclipse.jdt.core.dom.ASTConverter.convert(ASTConverter.java:1372)
	at org.eclipse.jdt.core.dom.ASTConverter.convert(ASTConverter.java:2944)
	at org.eclipse.jdt.core.dom.ASTConverter.convert(ASTConverter.java:2193)
	at org.eclipse.jdt.core.dom.ASTConverter.convert(ASTConverter.java:2965)
	at org.eclipse.jdt.core.dom.ASTConverter.convert(ASTConverter.java:751)
	at org.eclipse.jdt.core.dom.ASTConverter.buildBodyDeclarations(ASTConverter.java:208)
	at org.eclipse.jdt.core.dom.ASTConverter.convert(ASTConverter.java:3316)
	at org.eclipse.jdt.core.dom.ASTConverter.convert(ASTConverter.java:1513)
	at org.eclipse.jdt.core.dom.CompilationUnitResolver.convert(CompilationUnitResolver.java:323)
	at org.eclipse.jdt.core.dom.ASTParser.internalCreateAST(ASTParser.java:1231)
	at org.eclipse.jdt.core.dom.ASTParser.createAST(ASTParser.java:820)
	at org.eclipse.jdt.internal.corext.refactoring.util.RefactoringASTParser.parse(RefactoringASTParser.java:85)
	at org.eclipse.jdt.internal.corext.refactoring.rename.RefactoringAnalyzeUtil.checkNewSource(RefactoringAnalyzeUtil.java:136)
	at org.eclipse.jdt.internal.corext.refactoring.code.InlineTempRefactoring.checkFinalConditions(InlineTempRefactoring.java:297)
	at org.eclipse.jdt.ls.core.internal.corrections.proposals.RefactoringCorrectionProposal.createTextChange(RefactoringCorrectionProposal.java:53)
	at org.eclipse.jdt.ls.core.internal.corrections.proposals.CUCorrectionProposal.createChange(CUCorrectionProposal.java:115)
	at org.eclipse.jdt.core.manipulation.ChangeCorrectionProposalCore.getChange(ChangeCorrectionProposalCore.java:150)
	at org.eclipse.jdt.ls.core.internal.handlers.CodeActionHandler.getCodeActionFromProposal(CodeActionHandler.java:228)
	at org.eclipse.jdt.ls.core.internal.handlers.CodeActionHandler.getCodeActionCommands(CodeActionHandler.java:194)
	at org.eclipse.jdt.ls.core.internal.handlers.JDTLanguageServer.lambda$14(JDTLanguageServer.java:646)
	at org.eclipse.jdt.ls.core.internal.BaseJDTLanguageServer.lambda$0(BaseJDTLanguageServer.java:75)
	at java.base/java.util.concurrent.CompletableFuture$UniApply.tryFire(CompletableFuture.java:642)
	at java.base/java.util.concurrent.CompletableFuture$Completion.exec(CompletableFuture.java:479)
	at java.base/java.util.concurrent.ForkJoinTask.doExec(ForkJoinTask.java:290)
	at java.base/java.util.concurrent.ForkJoinPool$WorkQueue.topLevelExec(ForkJoinPool.java:1020)
	at java.base/java.util.concurrent.ForkJoinPool.scan(ForkJoinPool.java:1656)
	at java.base/java.util.concurrent.ForkJoinPool.runWorker(ForkJoinPool.java:1594)
	at java.base/java.util.concurrent.ForkJoinWorkerThread.run(ForkJoinWorkerThread.java:183)

[Error - 5:46:00 pm] Request textDocument/codeAction failed.
  Message: Internal error.
  Code: -32603 
java.util.concurrent.CompletionException: java.lang.IllegalArgumentException
	at java.base/java.util.concurrent.CompletableFuture.encodeThrowable(CompletableFuture.java:314)
	at java.base/java.util.concurrent.CompletableFuture.completeThrowable(CompletableFuture.java:319)
	at java.base/java.util.concurrent.CompletableFuture$UniApply.tryFire(CompletableFuture.java:645)
	at java.base/java.util.concurrent.CompletableFuture$Completion.exec(CompletableFuture.java:479)
	at java.base/java.util.concurrent.ForkJoinTask.doExec(ForkJoinTask.java:290)
	at java.base/java.util.concurrent.ForkJoinPool$WorkQueue.topLevelExec(ForkJoinPool.java:1020)
	at java.base/java.util.concurrent.ForkJoinPool.scan(ForkJoinPool.java:1656)
	at java.base/java.util.concurrent.ForkJoinPool.runWorker(ForkJoinPool.java:1594)
	at java.base/java.util.concurrent.ForkJoinWorkerThread.run(ForkJoinWorkerThread.java:183)
Caused by: java.lang.IllegalArgumentException
	at org.eclipse.jdt.core.dom.InfixExpression.setOperator(InfixExpression.java:383)
	at org.eclipse.jdt.core.dom.ASTConverter.convert(ASTConverter.java:1276)
	at org.eclipse.jdt.core.dom.ASTConverter.convert(ASTConverter.java:2020)
	at org.eclipse.jdt.core.dom.ASTConverter.convertToParenthesizedExpression(ASTConverter.java:3764)
	at org.eclipse.jdt.core.dom.ASTConverter.convert(ASTConverter.java:1932)
	at org.eclipse.jdt.core.dom.ASTConverter.convert(ASTConverter.java:1204)
	at org.eclipse.jdt.core.dom.ASTConverter.convert(ASTConverter.java:1963)
	at org.eclipse.jdt.core.dom.ASTConverter.convert(ASTConverter.java:3023)
	at org.eclipse.jdt.core.dom.ASTConverter.convert(ASTConverter.java:1372)
	at org.eclipse.jdt.core.dom.ASTConverter.convert(ASTConverter.java:2944)
	at org.eclipse.jdt.core.dom.ASTConverter.convert(ASTConverter.java:2193)
	at org.eclipse.jdt.core.dom.ASTConverter.convert(ASTConverter.java:2965)
	at org.eclipse.jdt.core.dom.ASTConverter.convert(ASTConverter.java:751)
	at org.eclipse.jdt.core.dom.ASTConverter.buildBodyDeclarations(ASTConverter.java:208)
	at org.eclipse.jdt.core.dom.ASTConverter.convert(ASTConverter.java:3316)
	at org.eclipse.jdt.core.dom.ASTConverter.convert(ASTConverter.java:1513)
	at org.eclipse.jdt.core.dom.CompilationUnitResolver.convert(CompilationUnitResolver.java:323)
	at org.eclipse.jdt.core.dom.ASTParser.internalCreateAST(ASTParser.java:1231)
	at org.eclipse.jdt.core.dom.ASTParser.createAST(ASTParser.java:820)
	at org.eclipse.jdt.internal.corext.refactoring.util.RefactoringASTParser.parse(RefactoringASTParser.java:85)
	at org.eclipse.jdt.internal.corext.refactoring.rename.RefactoringAnalyzeUtil.checkNewSource(RefactoringAnalyzeUtil.java:136)
	at org.eclipse.jdt.internal.corext.refactoring.code.InlineTempRefactoring.checkFinalConditions(InlineTempRefactoring.java:297)
	at org.eclipse.jdt.ls.core.internal.corrections.proposals.RefactoringCorrectionProposal.createTextChange(RefactoringCorrectionProposal.java:53)
	at org.eclipse.jdt.ls.core.internal.corrections.proposals.CUCorrectionProposal.createChange(CUCorrectionProposal.java:115)
	at org.eclipse.jdt.core.manipulation.ChangeCorrectionProposalCore.getChange(ChangeCorrectionProposalCore.java:150)
	at org.eclipse.jdt.ls.core.internal.handlers.CodeActionHandler.getCodeActionFromProposal(CodeActionHandler.java:228)
	at org.eclipse.jdt.ls.core.internal.handlers.CodeActionHandler.getCodeActionCommands(CodeActionHandler.java:194)
	at org.eclipse.jdt.ls.core.internal.handlers.JDTLanguageServer.lambda$14(JDTLanguageServer.java:646)
	at org.eclipse.jdt.ls.core.internal.BaseJDTLanguageServer.lambda$0(BaseJDTLanguageServer.java:75)
	at java.base/java.util.concurrent.CompletableFuture$UniApply.tryFire(CompletableFuture.java:642)
	... 6 more

[Error - 10:19:24 pm] 12-Mar-2021, 10:19:24 PM Unknown javadoc format for Math [in Math.class [in java.lang [in <module:java.base>]]]
Unknown javadoc format for Math [in Math.class [in java.lang [in <module:java.base>]]]
Java Model Exception: Java Model Status [Unknown javadoc format for Math [in Math.class [in java.lang [in <module:java.base>]]]]
	at org.eclipse.jdt.internal.core.JavadocContents.getTypeDoc(JavadocContents.java:84)
	at org.eclipse.jdt.internal.core.BinaryType.getAttachedJavadoc(BinaryType.java:1048)
	at org.eclipse.jdt.ls.core.internal.javadoc.JavadocContentAccess2.getHTMLContent(JavadocContentAccess2.java:595)
	at org.eclipse.jdt.ls.core.internal.javadoc.JavadocContentAccess2.getMarkdownContentReader(JavadocContentAccess2.java:2506)
	at org.eclipse.jdt.ls.core.internal.handlers.CompletionResolveHandler.lambda$0(CompletionResolveHandler.java:166)
	at java.base/java.util.concurrent.FutureTask.run(FutureTask.java:264)
	at java.base/java.util.concurrent.ThreadPoolExecutor.runWorker(ThreadPoolExecutor.java:1128)
	at java.base/java.util.concurrent.ThreadPoolExecutor$Worker.run(ThreadPoolExecutor.java:628)
	at java.base/java.lang.Thread.run(Thread.java:834)

[Error - 10:19:24 pm] 12-Mar-2021, 10:19:24 PM Unknown javadoc format for Math [in Math.class [in java.lang [in <module:java.base>]]]
Unknown javadoc format for Math [in Math.class [in java.lang [in <module:java.base>]]]
Java Model Exception: Java Model Status [Unknown javadoc format for Math [in Math.class [in java.lang [in <module:java.base>]]]]
	at org.eclipse.jdt.internal.core.JavadocContents.getTypeDoc(JavadocContents.java:84)
	at org.eclipse.jdt.internal.core.BinaryType.getAttachedJavadoc(BinaryType.java:1048)
	at org.eclipse.jdt.ls.core.internal.javadoc.JavadocContentAccess2.getHTMLContent(JavadocContentAccess2.java:595)
	at org.eclipse.jdt.ls.core.internal.javadoc.JavadocContentAccess2.getMarkdownContentReader(JavadocContentAccess2.java:2506)
	at org.eclipse.jdt.ls.core.internal.handlers.CompletionResolveHandler.lambda$0(CompletionResolveHandler.java:166)
	at java.base/java.util.concurrent.FutureTask.run(FutureTask.java:264)
	at java.base/java.util.concurrent.ThreadPoolExecutor.runWorker(ThreadPoolExecutor.java:1128)
	at java.base/java.util.concurrent.ThreadPoolExecutor$Worker.run(ThreadPoolExecutor.java:628)
	at java.base/java.lang.Thread.run(Thread.java:834)

[Error - 10:19:52 pm] 12-Mar-2021, 10:19:52 PM Unknown javadoc format for Math [in Math.class [in java.lang [in <module:java.base>]]]
Unknown javadoc format for Math [in Math.class [in java.lang [in <module:java.base>]]]
Java Model Exception: Java Model Status [Unknown javadoc format for Math [in Math.class [in java.lang [in <module:java.base>]]]]
	at org.eclipse.jdt.internal.core.JavadocContents.getTypeDoc(JavadocContents.java:84)
	at org.eclipse.jdt.internal.core.BinaryType.getAttachedJavadoc(BinaryType.java:1048)
	at org.eclipse.jdt.ls.core.internal.javadoc.JavadocContentAccess2.getHTMLContent(JavadocContentAccess2.java:595)
	at org.eclipse.jdt.ls.core.internal.javadoc.JavadocContentAccess2.getMarkdownContentReader(JavadocContentAccess2.java:2506)
	at org.eclipse.jdt.ls.core.internal.handlers.CompletionResolveHandler.lambda$0(CompletionResolveHandler.java:166)
	at java.base/java.util.concurrent.FutureTask.run(FutureTask.java:264)
	at java.base/java.util.concurrent.ThreadPoolExecutor.runWorker(ThreadPoolExecutor.java:1128)
	at java.base/java.util.concurrent.ThreadPoolExecutor$Worker.run(ThreadPoolExecutor.java:628)
	at java.base/java.lang.Thread.run(Thread.java:834)

[Error - 10:19:52 pm] 12-Mar-2021, 10:19:52 PM Unknown javadoc format for Math [in Math.class [in java.lang [in <module:java.base>]]]
Unknown javadoc format for Math [in Math.class [in java.lang [in <module:java.base>]]]
Java Model Exception: Java Model Status [Unknown javadoc format for Math [in Math.class [in java.lang [in <module:java.base>]]]]
	at org.eclipse.jdt.internal.core.JavadocContents.getTypeDoc(JavadocContents.java:84)
	at org.eclipse.jdt.internal.core.BinaryType.getAttachedJavadoc(BinaryType.java:1048)
	at org.eclipse.jdt.ls.core.internal.javadoc.JavadocContentAccess2.getHTMLContent(JavadocContentAccess2.java:595)
	at org.eclipse.jdt.ls.core.internal.javadoc.JavadocContentAccess2.getMarkdownContentReader(JavadocContentAccess2.java:2506)
	at org.eclipse.jdt.ls.core.internal.handlers.CompletionResolveHandler.lambda$0(CompletionResolveHandler.java:166)
	at java.base/java.util.concurrent.FutureTask.run(FutureTask.java:264)
	at java.base/java.util.concurrent.ThreadPoolExecutor.runWorker(ThreadPoolExecutor.java:1128)
	at java.base/java.util.concurrent.ThreadPoolExecutor$Worker.run(ThreadPoolExecutor.java:628)
	at java.base/java.lang.Thread.run(Thread.java:834)

[Error - 1:39:45 am] 14-Mar-2021, 1:39:45 AM Unable to load IDecompiler class for jarFileContentProvider
[Error - 11:28:14 pm] 14-Mar-2021, 11:28:14 PM Error occured while building workspace. Details: 
 message: The import com.mongodb cannot be resolved; code: 268435846; resource: /home/vivek/Desktop/PracticeProblems_Java/src/mongo_Learn/MongoDB_Connection_Test.java; line: 3
 message: The import org.bson cannot be resolved; code: 268435846; resource: /home/vivek/Desktop/PracticeProblems_Java/src/mongo_Learn/MongoDB_Connection_Test.java; line: 4
 message: The import com.mongodb cannot be resolved; code: 268435846; resource: /home/vivek/Desktop/PracticeProblems_Java/src/mongo_Learn/MongoDB_Connection_Test.java; line: 5
 message: MongoClient cannot be resolved to a type; code: 16777218; resource: /home/vivek/Desktop/PracticeProblems_Java/src/mongo_Learn/MongoDB_Connection_Test.java; line: 9
 message: MongoClient cannot be resolved to a type; code: 16777218; resource: /home/vivek/Desktop/PracticeProblems_Java/src/mongo_Learn/MongoDB_Connection_Test.java; line: 9
 message: MongoCredential cannot be resolved to a type; code: 16777218; resource: /home/vivek/Desktop/PracticeProblems_Java/src/mongo_Learn/MongoDB_Connection_Test.java; line: 12
 message: MongoCredential cannot be resolved; code: 570425394; resource: /home/vivek/Desktop/PracticeProblems_Java/src/mongo_Learn/MongoDB_Connection_Test.java; line: 13
 message: MongoDatabase cannot be resolved to a type; code: 16777218; resource: /home/vivek/Desktop/PracticeProblems_Java/src/mongo_Learn/MongoDB_Connection_Test.java; line: 16
 message: MongoCollection cannot be resolved to a type; code: 16777218; resource: /home/vivek/Desktop/PracticeProblems_Java/src/mongo_Learn/MongoDB_Connection_Test.java; line: 18
 message: Document cannot be resolved to a type; code: 16777218; resource: /home/vivek/Desktop/PracticeProblems_Java/src/mongo_Learn/MongoDB_Connection_Test.java; line: 18
 message: Document cannot be resolved to a type; code: 16777218; resource: /home/vivek/Desktop/PracticeProblems_Java/src/mongo_Learn/MongoDB_Connection_Test.java; line: 20
 message: Document cannot be resolved to a type; code: 16777218; resource: /home/vivek/Desktop/PracticeProblems_Java/src/mongo_Learn/MongoDB_Connection_Test.java; line: 20
 message: The declared package "mongo_learn" does not match the expected package "mongo_Learn"; code: 536871240; resource: /home/vivek/Desktop/PracticeProblems_Java/src/mongo_Learn/MongoDB_Connection_Test.java; line: 1
 message: The import com.mongodb cannot be resolved; code: 268435846; resource: /home/vivek/Desktop/PracticeProblems_Java/src/mongo_Learn/MongoDB_Connection_Test.java; line: 2
[Error - 11:29:11 pm] 14-Mar-2021, 11:29:11 PM Error occured while building workspace. Details: 
 message: The import com.mongodb cannot be resolved; code: 268435846; resource: /home/vivek/Desktop/PracticeProblems_Java/src/mongo_Learn/MongoDB_Connection_Test.java; line: 3
 message: The import org.bson cannot be resolved; code: 268435846; resource: /home/vivek/Desktop/PracticeProblems_Java/src/mongo_Learn/MongoDB_Connection_Test.java; line: 4
 message: The import com.mongodb cannot be resolved; code: 268435846; resource: /home/vivek/Desktop/PracticeProblems_Java/src/mongo_Learn/MongoDB_Connection_Test.java; line: 5
 message: MongoClient cannot be resolved to a type; code: 16777218; resource: /home/vivek/Desktop/PracticeProblems_Java/src/mongo_Learn/MongoDB_Connection_Test.java; line: 9
 message: MongoClient cannot be resolved to a type; code: 16777218; resource: /home/vivek/Desktop/PracticeProblems_Java/src/mongo_Learn/MongoDB_Connection_Test.java; line: 9
 message: MongoCredential cannot be resolved to a type; code: 16777218; resource: /home/vivek/Desktop/PracticeProblems_Java/src/mongo_Learn/MongoDB_Connection_Test.java; line: 12
 message: MongoCredential cannot be resolved; code: 570425394; resource: /home/vivek/Desktop/PracticeProblems_Java/src/mongo_Learn/MongoDB_Connection_Test.java; line: 13
 message: MongoDatabase cannot be resolved to a type; code: 16777218; resource: /home/vivek/Desktop/PracticeProblems_Java/src/mongo_Learn/MongoDB_Connection_Test.java; line: 16
 message: MongoCollection cannot be resolved to a type; code: 16777218; resource: /home/vivek/Desktop/PracticeProblems_Java/src/mongo_Learn/MongoDB_Connection_Test.java; line: 18
 message: Document cannot be resolved to a type; code: 16777218; resource: /home/vivek/Desktop/PracticeProblems_Java/src/mongo_Learn/MongoDB_Connection_Test.java; line: 18
 message: Document cannot be resolved to a type; code: 16777218; resource: /home/vivek/Desktop/PracticeProblems_Java/src/mongo_Learn/MongoDB_Connection_Test.java; line: 20
 message: Document cannot be resolved to a type; code: 16777218; resource: /home/vivek/Desktop/PracticeProblems_Java/src/mongo_Learn/MongoDB_Connection_Test.java; line: 20
 message: The declared package "mongo_learn" does not match the expected package "mongo_Learn"; code: 536871240; resource: /home/vivek/Desktop/PracticeProblems_Java/src/mongo_Learn/MongoDB_Connection_Test.java; line: 1
 message: The import com.mongodb cannot be resolved; code: 268435846; resource: /home/vivek/Desktop/PracticeProblems_Java/src/mongo_Learn/MongoDB_Connection_Test.java; line: 2
[Error - 11:38:23 pm] 14-Mar-2021, 11:38:23 PM Error occured while building workspace. Details: 
 message: The import com.mongodb cannot be resolved; code: 268435846; resource: /home/vivek/Desktop/PracticeProblems_Java/src/mongo_Learn/MongoDB_Connection_Test.java; line: 3
 message: The import org.bson cannot be resolved; code: 268435846; resource: /home/vivek/Desktop/PracticeProblems_Java/src/mongo_Learn/MongoDB_Connection_Test.java; line: 4
 message: The import com.mongodb cannot be resolved; code: 268435846; resource: /home/vivek/Desktop/PracticeProblems_Java/src/mongo_Learn/MongoDB_Connection_Test.java; line: 5
 message: MongoClient cannot be resolved to a type; code: 16777218; resource: /home/vivek/Desktop/PracticeProblems_Java/src/mongo_Learn/MongoDB_Connection_Test.java; line: 9
 message: MongoClient cannot be resolved to a type; code: 16777218; resource: /home/vivek/Desktop/PracticeProblems_Java/src/mongo_Learn/MongoDB_Connection_Test.java; line: 9
 message: MongoCredential cannot be resolved to a type; code: 16777218; resource: /home/vivek/Desktop/PracticeProblems_Java/src/mongo_Learn/MongoDB_Connection_Test.java; line: 12
 message: MongoCredential cannot be resolved; code: 570425394; resource: /home/vivek/Desktop/PracticeProblems_Java/src/mongo_Learn/MongoDB_Connection_Test.java; line: 13
 message: MongoDatabase cannot be resolved to a type; code: 16777218; resource: /home/vivek/Desktop/PracticeProblems_Java/src/mongo_Learn/MongoDB_Connection_Test.java; line: 16
 message: MongoCollection cannot be resolved to a type; code: 16777218; resource: /home/vivek/Desktop/PracticeProblems_Java/src/mongo_Learn/MongoDB_Connection_Test.java; line: 18
 message: Document cannot be resolved to a type; code: 16777218; resource: /home/vivek/Desktop/PracticeProblems_Java/src/mongo_Learn/MongoDB_Connection_Test.java; line: 18
 message: Document cannot be resolved to a type; code: 16777218; resource: /home/vivek/Desktop/PracticeProblems_Java/src/mongo_Learn/MongoDB_Connection_Test.java; line: 20
 message: Document cannot be resolved to a type; code: 16777218; resource: /home/vivek/Desktop/PracticeProblems_Java/src/mongo_Learn/MongoDB_Connection_Test.java; line: 20
 message: The declared package "mongo_learn" does not match the expected package "mongo_Learn"; code: 536871240; resource: /home/vivek/Desktop/PracticeProblems_Java/src/mongo_Learn/MongoDB_Connection_Test.java; line: 1
 message: The import com.mongodb cannot be resolved; code: 268435846; resource: /home/vivek/Desktop/PracticeProblems_Java/src/mongo_Learn/MongoDB_Connection_Test.java; line: 2
[Error - 12:11:41 pm] 16-Mar-2021, 12:11:41 PM Unknown javadoc format for String [in String.class [in java.lang [in <module:java.base>]]]
Unknown javadoc format for String [in String.class [in java.lang [in <module:java.base>]]]
Java Model Exception: Java Model Status [Unknown javadoc format for String [in String.class [in java.lang [in <module:java.base>]]]]
	at org.eclipse.jdt.internal.core.JavadocContents.getTypeDoc(JavadocContents.java:84)
	at org.eclipse.jdt.internal.core.BinaryType.getAttachedJavadoc(BinaryType.java:1048)
	at org.eclipse.jdt.ls.core.internal.javadoc.JavadocContentAccess2.getHTMLContent(JavadocContentAccess2.java:595)
	at org.eclipse.jdt.ls.core.internal.javadoc.JavadocContentAccess2.getMarkdownContentReader(JavadocContentAccess2.java:2506)
	at org.eclipse.jdt.ls.core.internal.handlers.CompletionResolveHandler.lambda$0(CompletionResolveHandler.java:166)
	at java.base/java.util.concurrent.FutureTask.run(FutureTask.java:264)
	at java.base/java.util.concurrent.ThreadPoolExecutor.runWorker(ThreadPoolExecutor.java:1128)
	at java.base/java.util.concurrent.ThreadPoolExecutor$Worker.run(ThreadPoolExecutor.java:628)
	at java.base/java.lang.Thread.run(Thread.java:834)

[Error - 12:11:41 pm] 16-Mar-2021, 12:11:41 PM Unknown javadoc format for String [in String.class [in java.lang [in <module:java.base>]]]
Unknown javadoc format for String [in String.class [in java.lang [in <module:java.base>]]]
Java Model Exception: Java Model Status [Unknown javadoc format for String [in String.class [in java.lang [in <module:java.base>]]]]
	at org.eclipse.jdt.internal.core.JavadocContents.getTypeDoc(JavadocContents.java:84)
	at org.eclipse.jdt.internal.core.BinaryType.getAttachedJavadoc(BinaryType.java:1048)
	at org.eclipse.jdt.ls.core.internal.javadoc.JavadocContentAccess2.getHTMLContent(JavadocContentAccess2.java:595)
	at org.eclipse.jdt.ls.core.internal.javadoc.JavadocContentAccess2.getMarkdownContentReader(JavadocContentAccess2.java:2506)
	at org.eclipse.jdt.ls.core.internal.handlers.CompletionResolveHandler.lambda$0(CompletionResolveHandler.java:166)
	at java.base/java.util.concurrent.FutureTask.run(FutureTask.java:264)
	at java.base/java.util.concurrent.ThreadPoolExecutor.runWorker(ThreadPoolExecutor.java:1128)
	at java.base/java.util.concurrent.ThreadPoolExecutor$Worker.run(ThreadPoolExecutor.java:628)
	at java.base/java.lang.Thread.run(Thread.java:834)

[Error - 12:12:00 pm] 16-Mar-2021, 12:12:00 PM Timed out while retrieving the attached javadoc for StackOverflowError [in StackOverflowError.class [in java.lang [in <module:java.base>]]] 
Timed out while retrieving the attached javadoc for StackOverflowError [in StackOverflowError.class [in java.lang [in <module:java.base>]]] 
Java Model Exception: Java Model Status [Timed out while retrieving the attached javadoc for StackOverflowError [in StackOverflowError.class [in java.lang [in <module:java.base>]]] ]
	at org.eclipse.jdt.internal.core.JavaElement.getURLContents(JavaElement.java:931)
	at org.eclipse.jdt.internal.core.BinaryType.getJavadocContents(BinaryType.java:1088)
	at org.eclipse.jdt.internal.core.BinaryType.getAttachedJavadoc(BinaryType.java:1046)
	at org.eclipse.jdt.ls.core.internal.javadoc.JavadocContentAccess2.getHTMLContent(JavadocContentAccess2.java:595)
	at org.eclipse.jdt.ls.core.internal.javadoc.JavadocContentAccess2.getMarkdownContentReader(JavadocContentAccess2.java:2506)
	at org.eclipse.jdt.ls.core.internal.handlers.CompletionResolveHandler.lambda$0(CompletionResolveHandler.java:166)
	at java.base/java.util.concurrent.FutureTask.run(FutureTask.java:264)
	at java.base/java.util.concurrent.ThreadPoolExecutor.runWorker(ThreadPoolExecutor.java:1128)
	at java.base/java.util.concurrent.ThreadPoolExecutor$Worker.run(ThreadPoolExecutor.java:628)
	at java.base/java.lang.Thread.run(Thread.java:834)

[Error - 12:12:00 pm] 16-Mar-2021, 12:12:00 PM Timed out while retrieving the attached javadoc for SafeVarargs [in SafeVarargs.class [in java.lang [in <module:java.base>]]] 
Timed out while retrieving the attached javadoc for SafeVarargs [in SafeVarargs.class [in java.lang [in <module:java.base>]]] 
Java Model Exception: Java Model Status [Timed out while retrieving the attached javadoc for SafeVarargs [in SafeVarargs.class [in java.lang [in <module:java.base>]]] ]
	at org.eclipse.jdt.internal.core.JavaElement.getURLContents(JavaElement.java:931)
	at org.eclipse.jdt.internal.core.BinaryType.getJavadocContents(BinaryType.java:1088)
	at org.eclipse.jdt.internal.core.BinaryType.getAttachedJavadoc(BinaryType.java:1046)
	at org.eclipse.jdt.ls.core.internal.javadoc.JavadocContentAccess2.getHTMLContent(JavadocContentAccess2.java:595)
	at org.eclipse.jdt.ls.core.internal.javadoc.JavadocContentAccess2.getMarkdownContentReader(JavadocContentAccess2.java:2506)
	at org.eclipse.jdt.ls.core.internal.handlers.CompletionResolveHandler.lambda$0(CompletionResolveHandler.java:166)
	at java.base/java.util.concurrent.FutureTask.run(FutureTask.java:264)
	at java.base/java.util.concurrent.ThreadPoolExecutor.runWorker(ThreadPoolExecutor.java:1128)
	at java.base/java.util.concurrent.ThreadPoolExecutor$Worker.run(ThreadPoolExecutor.java:628)
	at java.base/java.lang.Thread.run(Thread.java:834)

[Error - 12:12:01 pm] 16-Mar-2021, 12:12:01 PM Timed out while retrieving the attached javadoc for StrictMath [in StrictMath.class [in java.lang [in <module:java.base>]]] 
Timed out while retrieving the attached javadoc for StrictMath [in StrictMath.class [in java.lang [in <module:java.base>]]] 
Java Model Exception: Java Model Status [Timed out while retrieving the attached javadoc for StrictMath [in StrictMath.class [in java.lang [in <module:java.base>]]] ]
	at org.eclipse.jdt.internal.core.JavaElement.getURLContents(JavaElement.java:931)
	at org.eclipse.jdt.internal.core.BinaryType.getJavadocContents(BinaryType.java:1088)
	at org.eclipse.jdt.internal.core.BinaryType.getAttachedJavadoc(BinaryType.java:1046)
	at org.eclipse.jdt.ls.core.internal.javadoc.JavadocContentAccess2.getHTMLContent(JavadocContentAccess2.java:595)
	at org.eclipse.jdt.ls.core.internal.javadoc.JavadocContentAccess2.getMarkdownContentReader(JavadocContentAccess2.java:2506)
	at org.eclipse.jdt.ls.core.internal.handlers.CompletionResolveHandler.lambda$0(CompletionResolveHandler.java:166)
	at java.base/java.util.concurrent.FutureTask.run(FutureTask.java:264)
	at java.base/java.util.concurrent.ThreadPoolExecutor.runWorker(ThreadPoolExecutor.java:1128)
	at java.base/java.util.concurrent.ThreadPoolExecutor$Worker.run(ThreadPoolExecutor.java:628)
	at java.base/java.lang.Thread.run(Thread.java:834)

[Error - 12:12:01 pm] 16-Mar-2021, 12:12:01 PM Timed out while retrieving the attached javadoc for StrictMath [in StrictMath.class [in java.lang [in <module:java.base>]]] 
Timed out while retrieving the attached javadoc for StrictMath [in StrictMath.class [in java.lang [in <module:java.base>]]] 
Java Model Exception: Java Model Status [Timed out while retrieving the attached javadoc for StrictMath [in StrictMath.class [in java.lang [in <module:java.base>]]] ]
	at org.eclipse.jdt.internal.core.JavaElement.getURLContents(JavaElement.java:931)
	at org.eclipse.jdt.internal.core.BinaryType.getJavadocContents(BinaryType.java:1088)
	at org.eclipse.jdt.internal.core.BinaryType.getAttachedJavadoc(BinaryType.java:1046)
	at org.eclipse.jdt.ls.core.internal.javadoc.JavadocContentAccess2.getHTMLContent(JavadocContentAccess2.java:595)
	at org.eclipse.jdt.ls.core.internal.javadoc.JavadocContentAccess2.getMarkdownContentReader(JavadocContentAccess2.java:2506)
	at org.eclipse.jdt.ls.core.internal.handlers.CompletionResolveHandler.lambda$0(CompletionResolveHandler.java:166)
	at java.base/java.util.concurrent.FutureTask.run(FutureTask.java:264)
	at java.base/java.util.concurrent.ThreadPoolExecutor.runWorker(ThreadPoolExecutor.java:1128)
	at java.base/java.util.concurrent.ThreadPoolExecutor$Worker.run(ThreadPoolExecutor.java:628)
	at java.base/java.lang.Thread.run(Thread.java:834)

[Error - 12:12:27 pm] 16-Mar-2021, 12:12:27 PM Timed out while retrieving the attached javadoc for NegativeArraySizeException [in NegativeArraySizeException.class [in java.lang [in <module:java.base>]]] 
Timed out while retrieving the attached javadoc for NegativeArraySizeException [in NegativeArraySizeException.class [in java.lang [in <module:java.base>]]] 
Java Model Exception: Java Model Status [Timed out while retrieving the attached javadoc for NegativeArraySizeException [in NegativeArraySizeException.class [in java.lang [in <module:java.base>]]] ]
	at org.eclipse.jdt.internal.core.JavaElement.getURLContents(JavaElement.java:931)
	at org.eclipse.jdt.internal.core.BinaryType.getJavadocContents(BinaryType.java:1088)
	at org.eclipse.jdt.internal.core.BinaryType.getAttachedJavadoc(BinaryType.java:1046)
	at org.eclipse.jdt.ls.core.internal.javadoc.JavadocContentAccess2.getHTMLContent(JavadocContentAccess2.java:595)
	at org.eclipse.jdt.ls.core.internal.javadoc.JavadocContentAccess2.getMarkdownContentReader(JavadocContentAccess2.java:2506)
	at org.eclipse.jdt.ls.core.internal.handlers.CompletionResolveHandler.lambda$0(CompletionResolveHandler.java:166)
	at java.base/java.util.concurrent.FutureTask.run(FutureTask.java:264)
	at java.base/java.util.concurrent.ThreadPoolExecutor.runWorker(ThreadPoolExecutor.java:1128)
	at java.base/java.util.concurrent.ThreadPoolExecutor$Worker.run(ThreadPoolExecutor.java:628)
	at java.base/java.lang.Thread.run(Thread.java:834)

[Error - 12:13:10 pm] 16-Mar-2021, 12:13:10 PM Timed out while retrieving the attached javadoc for TransportFactoryImpl [in TransportFactoryImpl.class [in jdk.internal.net.http.websocket [in <module:java.net.http>]]] 
Timed out while retrieving the attached javadoc for TransportFactoryImpl [in TransportFactoryImpl.class [in jdk.internal.net.http.websocket [in <module:java.net.http>]]] 
Java Model Exception: Java Model Status [Timed out while retrieving the attached javadoc for TransportFactoryImpl [in TransportFactoryImpl.class [in jdk.internal.net.http.websocket [in <module:java.net.http>]]] ]
	at org.eclipse.jdt.internal.core.JavaElement.getURLContents(JavaElement.java:931)
	at org.eclipse.jdt.internal.core.BinaryType.getJavadocContents(BinaryType.java:1088)
	at org.eclipse.jdt.internal.core.BinaryType.getAttachedJavadoc(BinaryType.java:1046)
	at org.eclipse.jdt.ls.core.internal.javadoc.JavadocContentAccess2.getHTMLContent(JavadocContentAccess2.java:595)
	at org.eclipse.jdt.ls.core.internal.javadoc.JavadocContentAccess2.getMarkdownContentReader(JavadocContentAccess2.java:2506)
	at org.eclipse.jdt.ls.core.internal.handlers.CompletionResolveHandler.lambda$0(CompletionResolveHandler.java:166)
	at java.base/java.util.concurrent.FutureTask.run(FutureTask.java:264)
	at java.base/java.util.concurrent.ThreadPoolExecutor.runWorker(ThreadPoolExecutor.java:1128)
	at java.base/java.util.concurrent.ThreadPoolExecutor$Worker.run(ThreadPoolExecutor.java:628)
	at java.base/java.lang.Thread.run(Thread.java:834)

[Error - 12:13:10 pm] 16-Mar-2021, 12:13:10 PM Timed out while retrieving the attached javadoc for TypeAnnotationNode [in TypeAnnotationNode.class [in jdk.internal.org.objectweb.asm.tree [in <module:java.base>]]] 
Timed out while retrieving the attached javadoc for TypeAnnotationNode [in TypeAnnotationNode.class [in jdk.internal.org.objectweb.asm.tree [in <module:java.base>]]] 
Java Model Exception: Java Model Status [Timed out while retrieving the attached javadoc for TypeAnnotationNode [in TypeAnnotationNode.class [in jdk.internal.org.objectweb.asm.tree [in <module:java.base>]]] ]
	at org.eclipse.jdt.internal.core.JavaElement.getURLContents(JavaElement.java:931)
	at org.eclipse.jdt.internal.core.BinaryType.getJavadocContents(BinaryType.java:1088)
	at org.eclipse.jdt.internal.core.BinaryType.getAttachedJavadoc(BinaryType.java:1046)
	at org.eclipse.jdt.ls.core.internal.javadoc.JavadocContentAccess2.getHTMLContent(JavadocContentAccess2.java:595)
	at org.eclipse.jdt.ls.core.internal.javadoc.JavadocContentAccess2.getMarkdownContentReader(JavadocContentAccess2.java:2506)
	at org.eclipse.jdt.ls.core.internal.handlers.CompletionResolveHandler.lambda$0(CompletionResolveHandler.java:166)
	at java.base/java.util.concurrent.FutureTask.run(FutureTask.java:264)
	at java.base/java.util.concurrent.ThreadPoolExecutor.runWorker(ThreadPoolExecutor.java:1128)
	at java.base/java.util.concurrent.ThreadPoolExecutor$Worker.run(ThreadPoolExecutor.java:628)
	at java.base/java.lang.Thread.run(Thread.java:834)

[Error - 12:13:11 pm] 16-Mar-2021, 12:13:11 PM Timed out while retrieving the attached javadoc for TypeAnnotationNode [in TypeAnnotationNode.class [in jdk.internal.org.objectweb.asm.tree [in <module:java.base>]]] 
Timed out while retrieving the attached javadoc for TypeAnnotationNode [in TypeAnnotationNode.class [in jdk.internal.org.objectweb.asm.tree [in <module:java.base>]]] 
Java Model Exception: Java Model Status [Timed out while retrieving the attached javadoc for TypeAnnotationNode [in TypeAnnotationNode.class [in jdk.internal.org.objectweb.asm.tree [in <module:java.base>]]] ]
	at org.eclipse.jdt.internal.core.JavaElement.getURLContents(JavaElement.java:931)
	at org.eclipse.jdt.internal.core.BinaryType.getJavadocContents(BinaryType.java:1088)
	at org.eclipse.jdt.internal.core.BinaryType.getAttachedJavadoc(BinaryType.java:1046)
	at org.eclipse.jdt.ls.core.internal.javadoc.JavadocContentAccess2.getHTMLContent(JavadocContentAccess2.java:595)
	at org.eclipse.jdt.ls.core.internal.javadoc.JavadocContentAccess2.getMarkdownContentReader(JavadocContentAccess2.java:2506)
	at org.eclipse.jdt.ls.core.internal.handlers.CompletionResolveHandler.lambda$0(CompletionResolveHandler.java:166)
	at java.base/java.util.concurrent.FutureTask.run(FutureTask.java:264)
	at java.base/java.util.concurrent.ThreadPoolExecutor.runWorker(ThreadPoolExecutor.java:1128)
	at java.base/java.util.concurrent.ThreadPoolExecutor$Worker.run(ThreadPoolExecutor.java:628)
	at java.base/java.lang.Thread.run(Thread.java:834)

[Error - 12:28:54 pm] 16-Mar-2021, 12:28:54 PM Unknown javadoc format for standard [in standard.class [in jdk.javadoc.internal.doclets.formats.html.resources [in <module:jdk.javadoc>]]]
Unknown javadoc format for standard [in standard.class [in jdk.javadoc.internal.doclets.formats.html.resources [in <module:jdk.javadoc>]]]
Java Model Exception: Java Model Status [Unknown javadoc format for standard [in standard.class [in jdk.javadoc.internal.doclets.formats.html.resources [in <module:jdk.javadoc>]]]]
	at org.eclipse.jdt.internal.core.JavadocContents.getTypeDoc(JavadocContents.java:84)
	at org.eclipse.jdt.internal.core.BinaryType.getAttachedJavadoc(BinaryType.java:1048)
	at org.eclipse.jdt.ls.core.internal.javadoc.JavadocContentAccess2.getHTMLContent(JavadocContentAccess2.java:595)
	at org.eclipse.jdt.ls.core.internal.javadoc.JavadocContentAccess2.getMarkdownContentReader(JavadocContentAccess2.java:2506)
	at org.eclipse.jdt.ls.core.internal.handlers.CompletionResolveHandler.lambda$0(CompletionResolveHandler.java:166)
	at java.base/java.util.concurrent.FutureTask.run(FutureTask.java:264)
	at java.base/java.util.concurrent.ThreadPoolExecutor.runWorker(ThreadPoolExecutor.java:1128)
	at java.base/java.util.concurrent.ThreadPoolExecutor$Worker.run(ThreadPoolExecutor.java:628)
	at java.base/java.lang.Thread.run(Thread.java:834)

[Error - 12:29:06 pm] 16-Mar-2021, 12:29:06 PM Unknown javadoc format for String [in String.class [in java.lang [in <module:java.base>]]]
Unknown javadoc format for String [in String.class [in java.lang [in <module:java.base>]]]
Java Model Exception: Java Model Status [Unknown javadoc format for String [in String.class [in java.lang [in <module:java.base>]]]]
	at org.eclipse.jdt.internal.core.JavadocContents.getTypeDoc(JavadocContents.java:84)
	at org.eclipse.jdt.internal.core.BinaryType.getAttachedJavadoc(BinaryType.java:1048)
	at org.eclipse.jdt.ls.core.internal.javadoc.JavadocContentAccess2.getHTMLContent(JavadocContentAccess2.java:595)
	at org.eclipse.jdt.ls.core.internal.javadoc.JavadocContentAccess2.getMarkdownContentReader(JavadocContentAccess2.java:2506)
	at org.eclipse.jdt.ls.core.internal.handlers.CompletionResolveHandler.lambda$0(CompletionResolveHandler.java:166)
	at java.base/java.util.concurrent.FutureTask.run(FutureTask.java:264)
	at java.base/java.util.concurrent.ThreadPoolExecutor.runWorker(ThreadPoolExecutor.java:1128)
	at java.base/java.util.concurrent.ThreadPoolExecutor$Worker.run(ThreadPoolExecutor.java:628)
	at java.base/java.lang.Thread.run(Thread.java:834)

[Error - 12:29:07 pm] 16-Mar-2021, 12:29:07 PM Unknown javadoc format for StrictMath [in StrictMath.class [in java.lang [in <module:java.base>]]]
Unknown javadoc format for StrictMath [in StrictMath.class [in java.lang [in <module:java.base>]]]
Java Model Exception: Java Model Status [Unknown javadoc format for StrictMath [in StrictMath.class [in java.lang [in <module:java.base>]]]]
	at org.eclipse.jdt.internal.core.JavadocContents.getTypeDoc(JavadocContents.java:84)
	at org.eclipse.jdt.internal.core.BinaryType.getAttachedJavadoc(BinaryType.java:1048)
	at org.eclipse.jdt.ls.core.internal.javadoc.JavadocContentAccess2.getHTMLContent(JavadocContentAccess2.java:595)
	at org.eclipse.jdt.ls.core.internal.javadoc.JavadocContentAccess2.getMarkdownContentReader(JavadocContentAccess2.java:2506)
	at org.eclipse.jdt.ls.core.internal.handlers.CompletionResolveHandler.lambda$0(CompletionResolveHandler.java:166)
	at java.base/java.util.concurrent.FutureTask.run(FutureTask.java:264)
	at java.base/java.util.concurrent.ThreadPoolExecutor.runWorker(ThreadPoolExecutor.java:1128)
	at java.base/java.util.concurrent.ThreadPoolExecutor$Worker.run(ThreadPoolExecutor.java:628)
	at java.base/java.lang.Thread.run(Thread.java:834)

[Error - 12:29:07 pm] 16-Mar-2021, 12:29:07 PM Unknown javadoc format for StackOverflowError [in StackOverflowError.class [in java.lang [in <module:java.base>]]]
Unknown javadoc format for StackOverflowError [in StackOverflowError.class [in java.lang [in <module:java.base>]]]
Java Model Exception: Java Model Status [Unknown javadoc format for StackOverflowError [in StackOverflowError.class [in java.lang [in <module:java.base>]]]]
	at org.eclipse.jdt.internal.core.JavadocContents.getTypeDoc(JavadocContents.java:84)
	at org.eclipse.jdt.internal.core.BinaryType.getAttachedJavadoc(BinaryType.java:1048)
	at org.eclipse.jdt.ls.core.internal.javadoc.JavadocContentAccess2.getHTMLContent(JavadocContentAccess2.java:595)
	at org.eclipse.jdt.ls.core.internal.javadoc.JavadocContentAccess2.getMarkdownContentReader(JavadocContentAccess2.java:2506)
	at org.eclipse.jdt.ls.core.internal.handlers.CompletionResolveHandler.lambda$0(CompletionResolveHandler.java:166)
	at java.base/java.util.concurrent.FutureTask.run(FutureTask.java:264)
	at java.base/java.util.concurrent.ThreadPoolExecutor.runWorker(ThreadPoolExecutor.java:1128)
	at java.base/java.util.concurrent.ThreadPoolExecutor$Worker.run(ThreadPoolExecutor.java:628)
	at java.base/java.lang.Thread.run(Thread.java:834)

[Error - 12:29:07 pm] 16-Mar-2021, 12:29:07 PM Unknown javadoc format for StrictMath [in StrictMath.class [in java.lang [in <module:java.base>]]]
Unknown javadoc format for StrictMath [in StrictMath.class [in java.lang [in <module:java.base>]]]
Java Model Exception: Java Model Status [Unknown javadoc format for StrictMath [in StrictMath.class [in java.lang [in <module:java.base>]]]]
	at org.eclipse.jdt.internal.core.JavadocContents.getTypeDoc(JavadocContents.java:84)
	at org.eclipse.jdt.internal.core.BinaryType.getAttachedJavadoc(BinaryType.java:1048)
	at org.eclipse.jdt.ls.core.internal.javadoc.JavadocContentAccess2.getHTMLContent(JavadocContentAccess2.java:595)
	at org.eclipse.jdt.ls.core.internal.javadoc.JavadocContentAccess2.getMarkdownContentReader(JavadocContentAccess2.java:2506)
	at org.eclipse.jdt.ls.core.internal.handlers.CompletionResolveHandler.lambda$0(CompletionResolveHandler.java:166)
	at java.base/java.util.concurrent.FutureTask.run(FutureTask.java:264)
	at java.base/java.util.concurrent.ThreadPoolExecutor.runWorker(ThreadPoolExecutor.java:1128)
	at java.base/java.util.concurrent.ThreadPoolExecutor$Worker.run(ThreadPoolExecutor.java:628)
	at java.base/java.lang.Thread.run(Thread.java:834)

[Error - 12:29:17 pm] 16-Mar-2021, 12:29:17 PM Timed out while retrieving the attached javadoc for VMNotification [in VMNotification.class [in jdk.internal.misc [in <module:java.base>]]] 
Timed out while retrieving the attached javadoc for VMNotification [in VMNotification.class [in jdk.internal.misc [in <module:java.base>]]] 
Java Model Exception: Java Model Status [Timed out while retrieving the attached javadoc for VMNotification [in VMNotification.class [in jdk.internal.misc [in <module:java.base>]]] ]
	at org.eclipse.jdt.internal.core.JavaElement.getURLContents(JavaElement.java:931)
	at org.eclipse.jdt.internal.core.BinaryType.getJavadocContents(BinaryType.java:1088)
	at org.eclipse.jdt.internal.core.BinaryType.getAttachedJavadoc(BinaryType.java:1046)
	at org.eclipse.jdt.ls.core.internal.javadoc.JavadocContentAccess2.getHTMLContent(JavadocContentAccess2.java:595)
	at org.eclipse.jdt.ls.core.internal.javadoc.JavadocContentAccess2.getMarkdownContentReader(JavadocContentAccess2.java:2506)
	at org.eclipse.jdt.ls.core.internal.handlers.CompletionResolveHandler.lambda$0(CompletionResolveHandler.java:166)
	at java.base/java.util.concurrent.FutureTask.run(FutureTask.java:264)
	at java.base/java.util.concurrent.ThreadPoolExecutor.runWorker(ThreadPoolExecutor.java:1128)
	at java.base/java.util.concurrent.ThreadPoolExecutor$Worker.run(ThreadPoolExecutor.java:628)
	at java.base/java.lang.Thread.run(Thread.java:834)

[Error - 9:14:47 pm] 17-Mar-2021, 9:14:47 PM Unknown javadoc format for standard [in standard.class [in jdk.javadoc.internal.doclets.formats.html.resources [in <module:jdk.javadoc>]]]
Unknown javadoc format for standard [in standard.class [in jdk.javadoc.internal.doclets.formats.html.resources [in <module:jdk.javadoc>]]]
Java Model Exception: Java Model Status [Unknown javadoc format for standard [in standard.class [in jdk.javadoc.internal.doclets.formats.html.resources [in <module:jdk.javadoc>]]]]
	at org.eclipse.jdt.internal.core.JavadocContents.getTypeDoc(JavadocContents.java:84)
	at org.eclipse.jdt.internal.core.BinaryType.getAttachedJavadoc(BinaryType.java:1048)
	at org.eclipse.jdt.ls.core.internal.javadoc.JavadocContentAccess2.getHTMLContent(JavadocContentAccess2.java:595)
	at org.eclipse.jdt.ls.core.internal.javadoc.JavadocContentAccess2.getMarkdownContentReader(JavadocContentAccess2.java:2506)
	at org.eclipse.jdt.ls.core.internal.handlers.CompletionResolveHandler.lambda$0(CompletionResolveHandler.java:166)
	at java.base/java.util.concurrent.FutureTask.run(FutureTask.java:264)
	at java.base/java.util.concurrent.ThreadPoolExecutor.runWorker(ThreadPoolExecutor.java:1128)
	at java.base/java.util.concurrent.ThreadPoolExecutor$Worker.run(ThreadPoolExecutor.java:628)
	at java.base/java.lang.Thread.run(Thread.java:834)

[Error - 9:14:52 pm] 17-Mar-2021, 9:14:52 PM Unknown javadoc format for StackOverflowError [in StackOverflowError.class [in java.lang [in <module:java.base>]]]
Unknown javadoc format for StackOverflowError [in StackOverflowError.class [in java.lang [in <module:java.base>]]]
Java Model Exception: Java Model Status [Unknown javadoc format for StackOverflowError [in StackOverflowError.class [in java.lang [in <module:java.base>]]]]
	at org.eclipse.jdt.internal.core.JavadocContents.getTypeDoc(JavadocContents.java:84)
	at org.eclipse.jdt.internal.core.BinaryType.getAttachedJavadoc(BinaryType.java:1048)
	at org.eclipse.jdt.ls.core.internal.javadoc.JavadocContentAccess2.getHTMLContent(JavadocContentAccess2.java:595)
	at org.eclipse.jdt.ls.core.internal.javadoc.JavadocContentAccess2.getMarkdownContentReader(JavadocContentAccess2.java:2506)
	at org.eclipse.jdt.ls.core.internal.handlers.CompletionResolveHandler.lambda$0(CompletionResolveHandler.java:166)
	at java.base/java.util.concurrent.FutureTask.run(FutureTask.java:264)
	at java.base/java.util.concurrent.ThreadPoolExecutor.runWorker(ThreadPoolExecutor.java:1128)
	at java.base/java.util.concurrent.ThreadPoolExecutor$Worker.run(ThreadPoolExecutor.java:628)
	at java.base/java.lang.Thread.run(Thread.java:834)

[Error - 9:14:52 pm] 17-Mar-2021, 9:14:52 PM Unknown javadoc format for StrictMath [in StrictMath.class [in java.lang [in <module:java.base>]]]
Unknown javadoc format for StrictMath [in StrictMath.class [in java.lang [in <module:java.base>]]]
Java Model Exception: Java Model Status [Unknown javadoc format for StrictMath [in StrictMath.class [in java.lang [in <module:java.base>]]]]
	at org.eclipse.jdt.internal.core.JavadocContents.getTypeDoc(JavadocContents.java:84)
	at org.eclipse.jdt.internal.core.BinaryType.getAttachedJavadoc(BinaryType.java:1048)
	at org.eclipse.jdt.ls.core.internal.javadoc.JavadocContentAccess2.getHTMLContent(JavadocContentAccess2.java:595)
	at org.eclipse.jdt.ls.core.internal.javadoc.JavadocContentAccess2.getMarkdownContentReader(JavadocContentAccess2.java:2506)
	at org.eclipse.jdt.ls.core.internal.handlers.CompletionResolveHandler.lambda$0(CompletionResolveHandler.java:166)
	at java.base/java.util.concurrent.FutureTask.run(FutureTask.java:264)
	at java.base/java.util.concurrent.ThreadPoolExecutor.runWorker(ThreadPoolExecutor.java:1128)
	at java.base/java.util.concurrent.ThreadPoolExecutor$Worker.run(ThreadPoolExecutor.java:628)
	at java.base/java.lang.Thread.run(Thread.java:834)

[Error - 9:14:52 pm] 17-Mar-2021, 9:14:52 PM Unknown javadoc format for String [in String.class [in java.lang [in <module:java.base>]]]
Unknown javadoc format for String [in String.class [in java.lang [in <module:java.base>]]]
Java Model Exception: Java Model Status [Unknown javadoc format for String [in String.class [in java.lang [in <module:java.base>]]]]
	at org.eclipse.jdt.internal.core.JavadocContents.getTypeDoc(JavadocContents.java:84)
	at org.eclipse.jdt.internal.core.BinaryType.getAttachedJavadoc(BinaryType.java:1048)
	at org.eclipse.jdt.ls.core.internal.javadoc.JavadocContentAccess2.getHTMLContent(JavadocContentAccess2.java:595)
	at org.eclipse.jdt.ls.core.internal.javadoc.JavadocContentAccess2.getMarkdownContentReader(JavadocContentAccess2.java:2506)
	at org.eclipse.jdt.ls.core.internal.handlers.CompletionResolveHandler.lambda$0(CompletionResolveHandler.java:166)
	at java.base/java.util.concurrent.FutureTask.run(FutureTask.java:264)
	at java.base/java.util.concurrent.ThreadPoolExecutor.runWorker(ThreadPoolExecutor.java:1128)
	at java.base/java.util.concurrent.ThreadPoolExecutor$Worker.run(ThreadPoolExecutor.java:628)
	at java.base/java.lang.Thread.run(Thread.java:834)

[Error - 9:15:20 pm] 17-Mar-2021, 9:15:20 PM Unknown javadoc format for StackOverflowError [in StackOverflowError.class [in java.lang [in <module:java.base>]]]
Unknown javadoc format for StackOverflowError [in StackOverflowError.class [in java.lang [in <module:java.base>]]]
Java Model Exception: Java Model Status [Unknown javadoc format for StackOverflowError [in StackOverflowError.class [in java.lang [in <module:java.base>]]]]
	at org.eclipse.jdt.internal.core.JavadocContents.getTypeDoc(JavadocContents.java:84)
	at org.eclipse.jdt.internal.core.BinaryType.getAttachedJavadoc(BinaryType.java:1048)
	at org.eclipse.jdt.ls.core.internal.javadoc.JavadocContentAccess2.getHTMLContent(JavadocContentAccess2.java:595)
	at org.eclipse.jdt.ls.core.internal.javadoc.JavadocContentAccess2.getMarkdownContentReader(JavadocContentAccess2.java:2506)
	at org.eclipse.jdt.ls.core.internal.handlers.CompletionResolveHandler.lambda$0(CompletionResolveHandler.java:166)
	at java.base/java.util.concurrent.FutureTask.run(FutureTask.java:264)
	at java.base/java.util.concurrent.ThreadPoolExecutor.runWorker(ThreadPoolExecutor.java:1128)
	at java.base/java.util.concurrent.ThreadPoolExecutor$Worker.run(ThreadPoolExecutor.java:628)
	at java.base/java.lang.Thread.run(Thread.java:834)

[Error - 9:15:20 pm] 17-Mar-2021, 9:15:20 PM Unknown javadoc format for StrictMath [in StrictMath.class [in java.lang [in <module:java.base>]]]
Unknown javadoc format for StrictMath [in StrictMath.class [in java.lang [in <module:java.base>]]]
Java Model Exception: Java Model Status [Unknown javadoc format for StrictMath [in StrictMath.class [in java.lang [in <module:java.base>]]]]
	at org.eclipse.jdt.internal.core.JavadocContents.getTypeDoc(JavadocContents.java:84)
	at org.eclipse.jdt.internal.core.BinaryType.getAttachedJavadoc(BinaryType.java:1048)
	at org.eclipse.jdt.ls.core.internal.javadoc.JavadocContentAccess2.getHTMLContent(JavadocContentAccess2.java:595)
	at org.eclipse.jdt.ls.core.internal.javadoc.JavadocContentAccess2.getMarkdownContentReader(JavadocContentAccess2.java:2506)
	at org.eclipse.jdt.ls.core.internal.handlers.CompletionResolveHandler.lambda$0(CompletionResolveHandler.java:166)
	at java.base/java.util.concurrent.FutureTask.run(FutureTask.java:264)
	at java.base/java.util.concurrent.ThreadPoolExecutor.runWorker(ThreadPoolExecutor.java:1128)
	at java.base/java.util.concurrent.ThreadPoolExecutor$Worker.run(ThreadPoolExecutor.java:628)
	at java.base/java.lang.Thread.run(Thread.java:834)

[Error - 9:15:20 pm] 17-Mar-2021, 9:15:20 PM Unknown javadoc format for StrictMath [in StrictMath.class [in java.lang [in <module:java.base>]]]
Unknown javadoc format for StrictMath [in StrictMath.class [in java.lang [in <module:java.base>]]]
Java Model Exception: Java Model Status [Unknown javadoc format for StrictMath [in StrictMath.class [in java.lang [in <module:java.base>]]]]
	at org.eclipse.jdt.internal.core.JavadocContents.getTypeDoc(JavadocContents.java:84)
	at org.eclipse.jdt.internal.core.BinaryType.getAttachedJavadoc(BinaryType.java:1048)
	at org.eclipse.jdt.ls.core.internal.javadoc.JavadocContentAccess2.getHTMLContent(JavadocContentAccess2.java:595)
	at org.eclipse.jdt.ls.core.internal.javadoc.JavadocContentAccess2.getMarkdownContentReader(JavadocContentAccess2.java:2506)
	at org.eclipse.jdt.ls.core.internal.handlers.CompletionResolveHandler.lambda$0(CompletionResolveHandler.java:166)
	at java.base/java.util.concurrent.FutureTask.run(FutureTask.java:264)
	at java.base/java.util.concurrent.ThreadPoolExecutor.runWorker(ThreadPoolExecutor.java:1128)
	at java.base/java.util.concurrent.ThreadPoolExecutor$Worker.run(ThreadPoolExecutor.java:628)
	at java.base/java.lang.Thread.run(Thread.java:834)

[Error - 9:15:21 pm] 17-Mar-2021, 9:15:21 PM Unknown javadoc format for String [in String.class [in java.lang [in <module:java.base>]]]
Unknown javadoc format for String [in String.class [in java.lang [in <module:java.base>]]]
Java Model Exception: Java Model Status [Unknown javadoc format for String [in String.class [in java.lang [in <module:java.base>]]]]
	at org.eclipse.jdt.internal.core.JavadocContents.getTypeDoc(JavadocContents.java:84)
	at org.eclipse.jdt.internal.core.BinaryType.getAttachedJavadoc(BinaryType.java:1048)
	at org.eclipse.jdt.ls.core.internal.javadoc.JavadocContentAccess2.getHTMLContent(JavadocContentAccess2.java:595)
	at org.eclipse.jdt.ls.core.internal.javadoc.JavadocContentAccess2.getMarkdownContentReader(JavadocContentAccess2.java:2506)
	at org.eclipse.jdt.ls.core.internal.handlers.CompletionResolveHandler.lambda$0(CompletionResolveHandler.java:166)
	at java.base/java.util.concurrent.FutureTask.run(FutureTask.java:264)
	at java.base/java.util.concurrent.ThreadPoolExecutor.runWorker(ThreadPoolExecutor.java:1128)
	at java.base/java.util.concurrent.ThreadPoolExecutor$Worker.run(ThreadPoolExecutor.java:628)
	at java.base/java.lang.Thread.run(Thread.java:834)

[Error - 9:19:50 pm] 17-Mar-2021, 9:19:50 PM Unknown javadoc format for String [in String.class [in java.lang [in <module:java.base>]]]
Unknown javadoc format for String [in String.class [in java.lang [in <module:java.base>]]]
Java Model Exception: Java Model Status [Unknown javadoc format for String [in String.class [in java.lang [in <module:java.base>]]]]
	at org.eclipse.jdt.internal.core.JavadocContents.getTypeDoc(JavadocContents.java:84)
	at org.eclipse.jdt.internal.core.BinaryType.getAttachedJavadoc(BinaryType.java:1048)
	at org.eclipse.jdt.ls.core.internal.javadoc.JavadocContentAccess2.getHTMLContent(JavadocContentAccess2.java:595)
	at org.eclipse.jdt.ls.core.internal.javadoc.JavadocContentAccess2.getMarkdownContentReader(JavadocContentAccess2.java:2506)
	at org.eclipse.jdt.ls.core.internal.HoverInfoProvider.computeJavadoc(HoverInfoProvider.java:276)
	at org.eclipse.jdt.ls.core.internal.HoverInfoProvider.computeHover(HoverInfoProvider.java:145)
	at org.eclipse.jdt.ls.core.internal.handlers.HoverHandler.computeHover(HoverHandler.java:57)
	at org.eclipse.jdt.ls.core.internal.handlers.HoverHandler.hover(HoverHandler.java:43)
	at org.eclipse.jdt.ls.core.internal.handlers.JDTLanguageServer.lambda$6(JDTLanguageServer.java:558)
	at org.eclipse.jdt.ls.core.internal.BaseJDTLanguageServer.lambda$0(BaseJDTLanguageServer.java:75)
	at java.base/java.util.concurrent.CompletableFuture$UniApply.tryFire(CompletableFuture.java:642)
	at java.base/java.util.concurrent.CompletableFuture$Completion.exec(CompletableFuture.java:479)
	at java.base/java.util.concurrent.ForkJoinTask.doExec(ForkJoinTask.java:290)
	at java.base/java.util.concurrent.ForkJoinPool$WorkQueue.topLevelExec(ForkJoinPool.java:1020)
	at java.base/java.util.concurrent.ForkJoinPool.scan(ForkJoinPool.java:1656)
	at java.base/java.util.concurrent.ForkJoinPool.runWorker(ForkJoinPool.java:1594)
	at java.base/java.util.concurrent.ForkJoinWorkerThread.run(ForkJoinWorkerThread.java:183)

[Error - 9:19:50 pm] 17-Mar-2021, 9:19:50 PM Unknown javadoc format for String [in String.class [in java.lang [in <module:java.base>]]]
Unknown javadoc format for String [in String.class [in java.lang [in <module:java.base>]]]
Java Model Exception: Java Model Status [Unknown javadoc format for String [in String.class [in java.lang [in <module:java.base>]]]]
	at org.eclipse.jdt.internal.core.JavadocContents.getTypeDoc(JavadocContents.java:84)
	at org.eclipse.jdt.internal.core.BinaryType.getAttachedJavadoc(BinaryType.java:1048)
	at org.eclipse.jdt.ls.core.internal.javadoc.JavadocContentAccess2.getHTMLContent(JavadocContentAccess2.java:595)
	at org.eclipse.jdt.ls.core.internal.javadoc.JavadocContentAccess2.getMarkdownContentReader(JavadocContentAccess2.java:2506)
	at org.eclipse.jdt.ls.core.internal.HoverInfoProvider.computeJavadoc(HoverInfoProvider.java:276)
	at org.eclipse.jdt.ls.core.internal.HoverInfoProvider.computeHover(HoverInfoProvider.java:145)
	at org.eclipse.jdt.ls.core.internal.handlers.HoverHandler.computeHover(HoverHandler.java:57)
	at org.eclipse.jdt.ls.core.internal.handlers.HoverHandler.hover(HoverHandler.java:43)
	at org.eclipse.jdt.ls.core.internal.handlers.JDTLanguageServer.lambda$6(JDTLanguageServer.java:558)
	at org.eclipse.jdt.ls.core.internal.BaseJDTLanguageServer.lambda$0(BaseJDTLanguageServer.java:75)
	at java.base/java.util.concurrent.CompletableFuture$UniApply.tryFire(CompletableFuture.java:642)
	at java.base/java.util.concurrent.CompletableFuture$Completion.exec(CompletableFuture.java:479)
	at java.base/java.util.concurrent.ForkJoinTask.doExec(ForkJoinTask.java:290)
	at java.base/java.util.concurrent.ForkJoinPool$WorkQueue.topLevelExec(ForkJoinPool.java:1020)
	at java.base/java.util.concurrent.ForkJoinPool.scan(ForkJoinPool.java:1656)
	at java.base/java.util.concurrent.ForkJoinPool.runWorker(ForkJoinPool.java:1594)
	at java.base/java.util.concurrent.ForkJoinWorkerThread.run(ForkJoinWorkerThread.java:183)

[Error - 9:19:50 pm] 17-Mar-2021, 9:19:50 PM Unknown javadoc format for String [in String.class [in java.lang [in <module:java.base>]]]
Unknown javadoc format for String [in String.class [in java.lang [in <module:java.base>]]]
Java Model Exception: Java Model Status [Unknown javadoc format for String [in String.class [in java.lang [in <module:java.base>]]]]
	at org.eclipse.jdt.internal.core.JavadocContents.getTypeDoc(JavadocContents.java:84)
	at org.eclipse.jdt.internal.core.BinaryType.getAttachedJavadoc(BinaryType.java:1048)
	at org.eclipse.jdt.ls.core.internal.javadoc.JavadocContentAccess2.getHTMLContent(JavadocContentAccess2.java:595)
	at org.eclipse.jdt.ls.core.internal.javadoc.JavadocContentAccess2.getMarkdownContentReader(JavadocContentAccess2.java:2506)
	at org.eclipse.jdt.ls.core.internal.HoverInfoProvider.computeJavadoc(HoverInfoProvider.java:276)
	at org.eclipse.jdt.ls.core.internal.HoverInfoProvider.computeHover(HoverInfoProvider.java:145)
	at org.eclipse.jdt.ls.core.internal.handlers.HoverHandler.computeHover(HoverHandler.java:57)
	at org.eclipse.jdt.ls.core.internal.handlers.HoverHandler.hover(HoverHandler.java:43)
	at org.eclipse.jdt.ls.core.internal.handlers.JDTLanguageServer.lambda$6(JDTLanguageServer.java:558)
	at org.eclipse.jdt.ls.core.internal.BaseJDTLanguageServer.lambda$0(BaseJDTLanguageServer.java:75)
	at java.base/java.util.concurrent.CompletableFuture$UniApply.tryFire(CompletableFuture.java:642)
	at java.base/java.util.concurrent.CompletableFuture$Completion.exec(CompletableFuture.java:479)
	at java.base/java.util.concurrent.ForkJoinTask.doExec(ForkJoinTask.java:290)
	at java.base/java.util.concurrent.ForkJoinPool$WorkQueue.topLevelExec(ForkJoinPool.java:1020)
	at java.base/java.util.concurrent.ForkJoinPool.scan(ForkJoinPool.java:1656)
	at java.base/java.util.concurrent.ForkJoinPool.runWorker(ForkJoinPool.java:1594)
	at java.base/java.util.concurrent.ForkJoinWorkerThread.run(ForkJoinWorkerThread.java:183)

[Error - 9:19:51 pm] 17-Mar-2021, 9:19:51 PM Unable to load IDecompiler class for jarFileContentProvider
[Error - 9:19:54 pm] 17-Mar-2021, 9:19:54 PM Unknown javadoc format for StackOverflowError [in StackOverflowError.class [in java.lang [in <module:java.base>]]]
Unknown javadoc format for StackOverflowError [in StackOverflowError.class [in java.lang [in <module:java.base>]]]
Java Model Exception: Java Model Status [Unknown javadoc format for StackOverflowError [in StackOverflowError.class [in java.lang [in <module:java.base>]]]]
	at org.eclipse.jdt.internal.core.JavadocContents.getTypeDoc(JavadocContents.java:84)
	at org.eclipse.jdt.internal.core.BinaryType.getAttachedJavadoc(BinaryType.java:1048)
	at org.eclipse.jdt.ls.core.internal.javadoc.JavadocContentAccess2.getHTMLContent(JavadocContentAccess2.java:595)
	at org.eclipse.jdt.ls.core.internal.javadoc.JavadocContentAccess2.getMarkdownContentReader(JavadocContentAccess2.java:2506)
	at org.eclipse.jdt.ls.core.internal.handlers.CompletionResolveHandler.lambda$0(CompletionResolveHandler.java:166)
	at java.base/java.util.concurrent.FutureTask.run(FutureTask.java:264)
	at java.base/java.util.concurrent.ThreadPoolExecutor.runWorker(ThreadPoolExecutor.java:1128)
	at java.base/java.util.concurrent.ThreadPoolExecutor$Worker.run(ThreadPoolExecutor.java:628)
	at java.base/java.lang.Thread.run(Thread.java:834)

[Error - 9:19:55 pm] 17-Mar-2021, 9:19:55 PM Unknown javadoc format for StrictMath [in StrictMath.class [in java.lang [in <module:java.base>]]]
Unknown javadoc format for StrictMath [in StrictMath.class [in java.lang [in <module:java.base>]]]
Java Model Exception: Java Model Status [Unknown javadoc format for StrictMath [in StrictMath.class [in java.lang [in <module:java.base>]]]]
	at org.eclipse.jdt.internal.core.JavadocContents.getTypeDoc(JavadocContents.java:84)
	at org.eclipse.jdt.internal.core.BinaryType.getAttachedJavadoc(BinaryType.java:1048)
	at org.eclipse.jdt.ls.core.internal.javadoc.JavadocContentAccess2.getHTMLContent(JavadocContentAccess2.java:595)
	at org.eclipse.jdt.ls.core.internal.javadoc.JavadocContentAccess2.getMarkdownContentReader(JavadocContentAccess2.java:2506)
	at org.eclipse.jdt.ls.core.internal.handlers.CompletionResolveHandler.lambda$0(CompletionResolveHandler.java:166)
	at java.base/java.util.concurrent.FutureTask.run(FutureTask.java:264)
	at java.base/java.util.concurrent.ThreadPoolExecutor.runWorker(ThreadPoolExecutor.java:1128)
	at java.base/java.util.concurrent.ThreadPoolExecutor$Worker.run(ThreadPoolExecutor.java:628)
	at java.base/java.lang.Thread.run(Thread.java:834)

[Error - 9:19:55 pm] 17-Mar-2021, 9:19:55 PM Unknown javadoc format for StrictMath [in StrictMath.class [in java.lang [in <module:java.base>]]]
Unknown javadoc format for StrictMath [in StrictMath.class [in java.lang [in <module:java.base>]]]
Java Model Exception: Java Model Status [Unknown javadoc format for StrictMath [in StrictMath.class [in java.lang [in <module:java.base>]]]]
	at org.eclipse.jdt.internal.core.JavadocContents.getTypeDoc(JavadocContents.java:84)
	at org.eclipse.jdt.internal.core.BinaryType.getAttachedJavadoc(BinaryType.java:1048)
	at org.eclipse.jdt.ls.core.internal.javadoc.JavadocContentAccess2.getHTMLContent(JavadocContentAccess2.java:595)
	at org.eclipse.jdt.ls.core.internal.javadoc.JavadocContentAccess2.getMarkdownContentReader(JavadocContentAccess2.java:2506)
	at org.eclipse.jdt.ls.core.internal.handlers.CompletionResolveHandler.lambda$0(CompletionResolveHandler.java:166)
	at java.base/java.util.concurrent.FutureTask.run(FutureTask.java:264)
	at java.base/java.util.concurrent.ThreadPoolExecutor.runWorker(ThreadPoolExecutor.java:1128)
	at java.base/java.util.concurrent.ThreadPoolExecutor$Worker.run(ThreadPoolExecutor.java:628)
	at java.base/java.lang.Thread.run(Thread.java:834)

[Error - 9:19:55 pm] 17-Mar-2021, 9:19:55 PM Unknown javadoc format for String [in String.class [in java.lang [in <module:java.base>]]]
Unknown javadoc format for String [in String.class [in java.lang [in <module:java.base>]]]
Java Model Exception: Java Model Status [Unknown javadoc format for String [in String.class [in java.lang [in <module:java.base>]]]]
	at org.eclipse.jdt.internal.core.JavadocContents.getTypeDoc(JavadocContents.java:84)
	at org.eclipse.jdt.internal.core.BinaryType.getAttachedJavadoc(BinaryType.java:1048)
	at org.eclipse.jdt.ls.core.internal.javadoc.JavadocContentAccess2.getHTMLContent(JavadocContentAccess2.java:595)
	at org.eclipse.jdt.ls.core.internal.javadoc.JavadocContentAccess2.getMarkdownContentReader(JavadocContentAccess2.java:2506)
	at org.eclipse.jdt.ls.core.internal.handlers.CompletionResolveHandler.lambda$0(CompletionResolveHandler.java:166)
	at java.base/java.util.concurrent.FutureTask.run(FutureTask.java:264)
	at java.base/java.util.concurrent.ThreadPoolExecutor.runWorker(ThreadPoolExecutor.java:1128)
	at java.base/java.util.concurrent.ThreadPoolExecutor$Worker.run(ThreadPoolExecutor.java:628)
	at java.base/java.lang.Thread.run(Thread.java:834)

[Error - 9:20:59 pm] 17-Mar-2021, 9:20:59 PM Unable to load IDecompiler class for jarFileContentProvider
[Error - 9:23:07 pm] 17-Mar-2021, 9:23:07 PM Unknown javadoc format for String [in String.class [in java.lang [in <module:java.base>]]]
Unknown javadoc format for String [in String.class [in java.lang [in <module:java.base>]]]
Java Model Exception: Java Model Status [Unknown javadoc format for String [in String.class [in java.lang [in <module:java.base>]]]]
	at org.eclipse.jdt.internal.core.JavadocContents.getTypeDoc(JavadocContents.java:84)
	at org.eclipse.jdt.internal.core.BinaryType.getAttachedJavadoc(BinaryType.java:1048)
	at org.eclipse.jdt.ls.core.internal.javadoc.JavadocContentAccess2.getHTMLContent(JavadocContentAccess2.java:595)
	at org.eclipse.jdt.ls.core.internal.javadoc.JavadocContentAccess2.getMarkdownContentReader(JavadocContentAccess2.java:2506)
	at org.eclipse.jdt.ls.core.internal.HoverInfoProvider.computeJavadoc(HoverInfoProvider.java:276)
	at org.eclipse.jdt.ls.core.internal.HoverInfoProvider.computeHover(HoverInfoProvider.java:145)
	at org.eclipse.jdt.ls.core.internal.handlers.HoverHandler.computeHover(HoverHandler.java:57)
	at org.eclipse.jdt.ls.core.internal.handlers.HoverHandler.hover(HoverHandler.java:43)
	at org.eclipse.jdt.ls.core.internal.handlers.JDTLanguageServer.lambda$6(JDTLanguageServer.java:558)
	at org.eclipse.jdt.ls.core.internal.BaseJDTLanguageServer.lambda$0(BaseJDTLanguageServer.java:75)
	at java.base/java.util.concurrent.CompletableFuture$UniApply.tryFire(CompletableFuture.java:642)
	at java.base/java.util.concurrent.CompletableFuture$Completion.exec(CompletableFuture.java:479)
	at java.base/java.util.concurrent.ForkJoinTask.doExec(ForkJoinTask.java:290)
	at java.base/java.util.concurrent.ForkJoinPool$WorkQueue.topLevelExec(ForkJoinPool.java:1020)
	at java.base/java.util.concurrent.ForkJoinPool.scan(ForkJoinPool.java:1656)
	at java.base/java.util.concurrent.ForkJoinPool.runWorker(ForkJoinPool.java:1594)
	at java.base/java.util.concurrent.ForkJoinWorkerThread.run(ForkJoinWorkerThread.java:183)

[Error - 9:45:43 pm] 17-Mar-2021, 9:45:43 PM Unknown javadoc format for StrictMath [in StrictMath.class [in java.lang [in <module:java.base>]]]
Unknown javadoc format for StrictMath [in StrictMath.class [in java.lang [in <module:java.base>]]]
Java Model Exception: Java Model Status [Unknown javadoc format for StrictMath [in StrictMath.class [in java.lang [in <module:java.base>]]]]
	at org.eclipse.jdt.internal.core.JavadocContents.getTypeDoc(JavadocContents.java:84)
	at org.eclipse.jdt.internal.core.BinaryType.getAttachedJavadoc(BinaryType.java:1048)
	at org.eclipse.jdt.ls.core.internal.javadoc.JavadocContentAccess2.getHTMLContent(JavadocContentAccess2.java:595)
	at org.eclipse.jdt.ls.core.internal.javadoc.JavadocContentAccess2.getMarkdownContentReader(JavadocContentAccess2.java:2506)
	at org.eclipse.jdt.ls.core.internal.handlers.CompletionResolveHandler.lambda$0(CompletionResolveHandler.java:166)
	at java.base/java.util.concurrent.FutureTask.run(FutureTask.java:264)
	at java.base/java.util.concurrent.ThreadPoolExecutor.runWorker(ThreadPoolExecutor.java:1128)
	at java.base/java.util.concurrent.ThreadPoolExecutor$Worker.run(ThreadPoolExecutor.java:628)
	at java.base/java.lang.Thread.run(Thread.java:834)

[Error - 9:45:43 pm] 17-Mar-2021, 9:45:43 PM Unknown javadoc format for StrictMath [in StrictMath.class [in java.lang [in <module:java.base>]]]
Unknown javadoc format for StrictMath [in StrictMath.class [in java.lang [in <module:java.base>]]]
Java Model Exception: Java Model Status [Unknown javadoc format for StrictMath [in StrictMath.class [in java.lang [in <module:java.base>]]]]
	at org.eclipse.jdt.internal.core.JavadocContents.getTypeDoc(JavadocContents.java:84)
	at org.eclipse.jdt.internal.core.BinaryType.getAttachedJavadoc(BinaryType.java:1048)
	at org.eclipse.jdt.ls.core.internal.javadoc.JavadocContentAccess2.getHTMLContent(JavadocContentAccess2.java:595)
	at org.eclipse.jdt.ls.core.internal.javadoc.JavadocContentAccess2.getMarkdownContentReader(JavadocContentAccess2.java:2506)
	at org.eclipse.jdt.ls.core.internal.handlers.CompletionResolveHandler.lambda$0(CompletionResolveHandler.java:166)
	at java.base/java.util.concurrent.FutureTask.run(FutureTask.java:264)
	at java.base/java.util.concurrent.ThreadPoolExecutor.runWorker(ThreadPoolExecutor.java:1128)
	at java.base/java.util.concurrent.ThreadPoolExecutor$Worker.run(ThreadPoolExecutor.java:628)
	at java.base/java.lang.Thread.run(Thread.java:834)

[Error - 9:45:43 pm] 17-Mar-2021, 9:45:43 PM Unknown javadoc format for String [in String.class [in java.lang [in <module:java.base>]]]
Unknown javadoc format for String [in String.class [in java.lang [in <module:java.base>]]]
Java Model Exception: Java Model Status [Unknown javadoc format for String [in String.class [in java.lang [in <module:java.base>]]]]
	at org.eclipse.jdt.internal.core.JavadocContents.getTypeDoc(JavadocContents.java:84)
	at org.eclipse.jdt.internal.core.BinaryType.getAttachedJavadoc(BinaryType.java:1048)
	at org.eclipse.jdt.ls.core.internal.javadoc.JavadocContentAccess2.getHTMLContent(JavadocContentAccess2.java:595)
	at org.eclipse.jdt.ls.core.internal.javadoc.JavadocContentAccess2.getMarkdownContentReader(JavadocContentAccess2.java:2506)
	at org.eclipse.jdt.ls.core.internal.handlers.CompletionResolveHandler.lambda$0(CompletionResolveHandler.java:166)
	at java.base/java.util.concurrent.FutureTask.run(FutureTask.java:264)
	at java.base/java.util.concurrent.ThreadPoolExecutor.runWorker(ThreadPoolExecutor.java:1128)
	at java.base/java.util.concurrent.ThreadPoolExecutor$Worker.run(ThreadPoolExecutor.java:628)
	at java.base/java.lang.Thread.run(Thread.java:834)

[Error - 9:45:43 pm] 17-Mar-2021, 9:45:43 PM Unknown javadoc format for String [in String.class [in java.lang [in <module:java.base>]]]
Unknown javadoc format for String [in String.class [in java.lang [in <module:java.base>]]]
Java Model Exception: Java Model Status [Unknown javadoc format for String [in String.class [in java.lang [in <module:java.base>]]]]
	at org.eclipse.jdt.internal.core.JavadocContents.getTypeDoc(JavadocContents.java:84)
	at org.eclipse.jdt.internal.core.BinaryType.getAttachedJavadoc(BinaryType.java:1048)
	at org.eclipse.jdt.ls.core.internal.javadoc.JavadocContentAccess2.getHTMLContent(JavadocContentAccess2.java:595)
	at org.eclipse.jdt.ls.core.internal.javadoc.JavadocContentAccess2.getMarkdownContentReader(JavadocContentAccess2.java:2506)
	at org.eclipse.jdt.ls.core.internal.handlers.CompletionResolveHandler.lambda$0(CompletionResolveHandler.java:166)
	at java.base/java.util.concurrent.FutureTask.run(FutureTask.java:264)
	at java.base/java.util.concurrent.ThreadPoolExecutor.runWorker(ThreadPoolExecutor.java:1128)
	at java.base/java.util.concurrent.ThreadPoolExecutor$Worker.run(ThreadPoolExecutor.java:628)
	at java.base/java.lang.Thread.run(Thread.java:834)

[Error - 9:45:49 pm] 17-Mar-2021, 9:45:49 PM Unknown javadoc format for StrictMath [in StrictMath.class [in java.lang [in <module:java.base>]]]
Unknown javadoc format for StrictMath [in StrictMath.class [in java.lang [in <module:java.base>]]]
Java Model Exception: Java Model Status [Unknown javadoc format for StrictMath [in StrictMath.class [in java.lang [in <module:java.base>]]]]
	at org.eclipse.jdt.internal.core.JavadocContents.getTypeDoc(JavadocContents.java:84)
	at org.eclipse.jdt.internal.core.BinaryType.getAttachedJavadoc(BinaryType.java:1048)
	at org.eclipse.jdt.ls.core.internal.javadoc.JavadocContentAccess2.getHTMLContent(JavadocContentAccess2.java:595)
	at org.eclipse.jdt.ls.core.internal.javadoc.JavadocContentAccess2.getMarkdownContentReader(JavadocContentAccess2.java:2506)
	at org.eclipse.jdt.ls.core.internal.handlers.CompletionResolveHandler.lambda$0(CompletionResolveHandler.java:166)
	at java.base/java.util.concurrent.FutureTask.run(FutureTask.java:264)
	at java.base/java.util.concurrent.ThreadPoolExecutor.runWorker(ThreadPoolExecutor.java:1128)
	at java.base/java.util.concurrent.ThreadPoolExecutor$Worker.run(ThreadPoolExecutor.java:628)
	at java.base/java.lang.Thread.run(Thread.java:834)

[Error - 9:45:49 pm] 17-Mar-2021, 9:45:49 PM Unknown javadoc format for StrictMath [in StrictMath.class [in java.lang [in <module:java.base>]]]
Unknown javadoc format for StrictMath [in StrictMath.class [in java.lang [in <module:java.base>]]]
Java Model Exception: Java Model Status [Unknown javadoc format for StrictMath [in StrictMath.class [in java.lang [in <module:java.base>]]]]
	at org.eclipse.jdt.internal.core.JavadocContents.getTypeDoc(JavadocContents.java:84)
	at org.eclipse.jdt.internal.core.BinaryType.getAttachedJavadoc(BinaryType.java:1048)
	at org.eclipse.jdt.ls.core.internal.javadoc.JavadocContentAccess2.getHTMLContent(JavadocContentAccess2.java:595)
	at org.eclipse.jdt.ls.core.internal.javadoc.JavadocContentAccess2.getMarkdownContentReader(JavadocContentAccess2.java:2506)
	at org.eclipse.jdt.ls.core.internal.handlers.CompletionResolveHandler.lambda$0(CompletionResolveHandler.java:166)
	at java.base/java.util.concurrent.FutureTask.run(FutureTask.java:264)
	at java.base/java.util.concurrent.ThreadPoolExecutor.runWorker(ThreadPoolExecutor.java:1128)
	at java.base/java.util.concurrent.ThreadPoolExecutor$Worker.run(ThreadPoolExecutor.java:628)
	at java.base/java.lang.Thread.run(Thread.java:834)

[Error - 9:45:50 pm] 17-Mar-2021, 9:45:50 PM Unknown javadoc format for String [in String.class [in java.lang [in <module:java.base>]]]
Unknown javadoc format for String [in String.class [in java.lang [in <module:java.base>]]]
Java Model Exception: Java Model Status [Unknown javadoc format for String [in String.class [in java.lang [in <module:java.base>]]]]
	at org.eclipse.jdt.internal.core.JavadocContents.getTypeDoc(JavadocContents.java:84)
	at org.eclipse.jdt.internal.core.BinaryType.getAttachedJavadoc(BinaryType.java:1048)
	at org.eclipse.jdt.ls.core.internal.javadoc.JavadocContentAccess2.getHTMLContent(JavadocContentAccess2.java:595)
	at org.eclipse.jdt.ls.core.internal.javadoc.JavadocContentAccess2.getMarkdownContentReader(JavadocContentAccess2.java:2506)
	at org.eclipse.jdt.ls.core.internal.handlers.CompletionResolveHandler.lambda$0(CompletionResolveHandler.java:166)
	at java.base/java.util.concurrent.FutureTask.run(FutureTask.java:264)
	at java.base/java.util.concurrent.ThreadPoolExecutor.runWorker(ThreadPoolExecutor.java:1128)
	at java.base/java.util.concurrent.ThreadPoolExecutor$Worker.run(ThreadPoolExecutor.java:628)
	at java.base/java.lang.Thread.run(Thread.java:834)

[Error - 9:46:07 pm] 17-Mar-2021, 9:46:07 PM Unknown javadoc format for StrictMath [in StrictMath.class [in java.lang [in <module:java.base>]]]
Unknown javadoc format for StrictMath [in StrictMath.class [in java.lang [in <module:java.base>]]]
Java Model Exception: Java Model Status [Unknown javadoc format for StrictMath [in StrictMath.class [in java.lang [in <module:java.base>]]]]
	at org.eclipse.jdt.internal.core.JavadocContents.getTypeDoc(JavadocContents.java:84)
	at org.eclipse.jdt.internal.core.BinaryType.getAttachedJavadoc(BinaryType.java:1048)
	at org.eclipse.jdt.ls.core.internal.javadoc.JavadocContentAccess2.getHTMLContent(JavadocContentAccess2.java:595)
	at org.eclipse.jdt.ls.core.internal.javadoc.JavadocContentAccess2.getMarkdownContentReader(JavadocContentAccess2.java:2506)
	at org.eclipse.jdt.ls.core.internal.handlers.CompletionResolveHandler.lambda$0(CompletionResolveHandler.java:166)
	at java.base/java.util.concurrent.FutureTask.run(FutureTask.java:264)
	at java.base/java.util.concurrent.ThreadPoolExecutor.runWorker(ThreadPoolExecutor.java:1128)
	at java.base/java.util.concurrent.ThreadPoolExecutor$Worker.run(ThreadPoolExecutor.java:628)
	at java.base/java.lang.Thread.run(Thread.java:834)

[Error - 9:46:07 pm] 17-Mar-2021, 9:46:07 PM Unknown javadoc format for StrictMath [in StrictMath.class [in java.lang [in <module:java.base>]]]
Unknown javadoc format for StrictMath [in StrictMath.class [in java.lang [in <module:java.base>]]]
Java Model Exception: Java Model Status [Unknown javadoc format for StrictMath [in StrictMath.class [in java.lang [in <module:java.base>]]]]
	at org.eclipse.jdt.internal.core.JavadocContents.getTypeDoc(JavadocContents.java:84)
	at org.eclipse.jdt.internal.core.BinaryType.getAttachedJavadoc(BinaryType.java:1048)
	at org.eclipse.jdt.ls.core.internal.javadoc.JavadocContentAccess2.getHTMLContent(JavadocContentAccess2.java:595)
	at org.eclipse.jdt.ls.core.internal.javadoc.JavadocContentAccess2.getMarkdownContentReader(JavadocContentAccess2.java:2506)
	at org.eclipse.jdt.ls.core.internal.handlers.CompletionResolveHandler.lambda$0(CompletionResolveHandler.java:166)
	at java.base/java.util.concurrent.FutureTask.run(FutureTask.java:264)
	at java.base/java.util.concurrent.ThreadPoolExecutor.runWorker(ThreadPoolExecutor.java:1128)
	at java.base/java.util.concurrent.ThreadPoolExecutor$Worker.run(ThreadPoolExecutor.java:628)
	at java.base/java.lang.Thread.run(Thread.java:834)

[Error - 9:46:07 pm] 17-Mar-2021, 9:46:07 PM Unknown javadoc format for String [in String.class [in java.lang [in <module:java.base>]]]
Unknown javadoc format for String [in String.class [in java.lang [in <module:java.base>]]]
Java Model Exception: Java Model Status [Unknown javadoc format for String [in String.class [in java.lang [in <module:java.base>]]]]
	at org.eclipse.jdt.internal.core.JavadocContents.getTypeDoc(JavadocContents.java:84)
	at org.eclipse.jdt.internal.core.BinaryType.getAttachedJavadoc(BinaryType.java:1048)
	at org.eclipse.jdt.ls.core.internal.javadoc.JavadocContentAccess2.getHTMLContent(JavadocContentAccess2.java:595)
	at org.eclipse.jdt.ls.core.internal.javadoc.JavadocContentAccess2.getMarkdownContentReader(JavadocContentAccess2.java:2506)
	at org.eclipse.jdt.ls.core.internal.handlers.CompletionResolveHandler.lambda$0(CompletionResolveHandler.java:166)
	at java.base/java.util.concurrent.FutureTask.run(FutureTask.java:264)
	at java.base/java.util.concurrent.ThreadPoolExecutor.runWorker(ThreadPoolExecutor.java:1128)
	at java.base/java.util.concurrent.ThreadPoolExecutor$Worker.run(ThreadPoolExecutor.java:628)
	at java.base/java.lang.Thread.run(Thread.java:834)

[Error - 9:55:51 pm] 17-Mar-2021, 9:55:51 PM Unable to load IDecompiler class for jarFileContentProvider
[Error - 10:47:43 pm] 17-Mar-2021, 10:47:43 PM Unable to load IDecompiler class for jarFileContentProvider
[Error - 11:02:50 pm] 17-Mar-2021, 11:02:50 PM Unable to load IDecompiler class for jarFileContentProvider
[Error - 11:05:35 pm] 17-Mar-2021, 11:05:35 PM Unable to load IDecompiler class for jarFileContentProvider
[Error - 11:30:00 pm] 17-Mar-2021, 11:30:00 PM Unable to load IDecompiler class for jarFileContentProvider
[Error - 11:35:26 pm] 17-Mar-2021, 11:35:26 PM Unable to load IDecompiler class for jarFileContentProvider
