[2021-03-30 22:03:26.783] [renderer3] [error] [File Watcher (node.js)] Error: ENOENT: no such file or directory, stat '/home/vivek/JavaLearn/.vscode'
[2021-03-30 22:05:04.334] [renderer3] [error] The request (id: 21, method: 'textDocument/documentSymbol') has been cancelled: Error: The request (id: 21, method: 'textDocument/documentSymbol') has been cancelled
	at /root/.vscode/extensions/redhat.java-0.76.0/dist/extension.js:1:76464
	at /root/.vscode/extensions/redhat.java-0.76.0/dist/extension.js:1:76758
	at Immediate.<anonymous> (/root/.vscode/extensions/redhat.java-0.76.0/dist/extension.js:1:77117)
	at processImmediate (internal/timers.js:456:21)
[2021-03-30 22:05:04.725] [renderer3] [error] The request (id: 25, method: 'textDocument/documentSymbol') has been cancelled: Error: The request (id: 25, method: 'textDocument/documentSymbol') has been cancelled
	at /root/.vscode/extensions/redhat.java-0.76.0/dist/extension.js:1:76464
	at /root/.vscode/extensions/redhat.java-0.76.0/dist/extension.js:1:76758
	at Immediate.<anonymous> (/root/.vscode/extensions/redhat.java-0.76.0/dist/extension.js:1:77117)
	at processImmediate (internal/timers.js:456:21)
[2021-03-30 22:05:30.241] [renderer3] [error] The request (id: 49, method: 'textDocument/documentSymbol') has been cancelled: Error: The request (id: 49, method: 'textDocument/documentSymbol') has been cancelled
	at /root/.vscode/extensions/redhat.java-0.76.0/dist/extension.js:1:76464
	at /root/.vscode/extensions/redhat.java-0.76.0/dist/extension.js:1:76758
	at Immediate.<anonymous> (/root/.vscode/extensions/redhat.java-0.76.0/dist/extension.js:1:77117)
	at processImmediate (internal/timers.js:456:21)
[2021-03-30 22:05:30.604] [renderer3] [error] The request (id: 53, method: 'textDocument/documentSymbol') has been cancelled: Error: The request (id: 53, method: 'textDocument/documentSymbol') has been cancelled
	at /root/.vscode/extensions/redhat.java-0.76.0/dist/extension.js:1:76464
	at /root/.vscode/extensions/redhat.java-0.76.0/dist/extension.js:1:76758
	at Immediate.<anonymous> (/root/.vscode/extensions/redhat.java-0.76.0/dist/extension.js:1:77117)
	at processImmediate (internal/timers.js:456:21)
[2021-03-30 22:05:36.359] [renderer3] [error] The request (id: 74, method: 'textDocument/documentSymbol') has been cancelled: Error: The request (id: 74, method: 'textDocument/documentSymbol') has been cancelled
	at /root/.vscode/extensions/redhat.java-0.76.0/dist/extension.js:1:76464
	at /root/.vscode/extensions/redhat.java-0.76.0/dist/extension.js:1:76758
	at Immediate.<anonymous> (/root/.vscode/extensions/redhat.java-0.76.0/dist/extension.js:1:77117)
	at processImmediate (internal/timers.js:456:21)
[2021-03-30 22:05:43.820] [renderer3] [error] The request (id: 133, method: 'textDocument/documentSymbol') has been cancelled: Error: The request (id: 133, method: 'textDocument/documentSymbol') has been cancelled
	at /root/.vscode/extensions/redhat.java-0.76.0/dist/extension.js:1:76464
	at /root/.vscode/extensions/redhat.java-0.76.0/dist/extension.js:1:76758
	at Immediate.<anonymous> (/root/.vscode/extensions/redhat.java-0.76.0/dist/extension.js:1:77117)
	at processImmediate (internal/timers.js:456:21)
[2021-03-30 22:35:15.057] [renderer3] [error] The request (id: 198, method: 'textDocument/documentSymbol') has been cancelled: Error: The request (id: 198, method: 'textDocument/documentSymbol') has been cancelled
	at /root/.vscode/extensions/redhat.java-0.76.0/dist/extension.js:1:76464
	at /root/.vscode/extensions/redhat.java-0.76.0/dist/extension.js:1:76758
	at Immediate.<anonymous> (/root/.vscode/extensions/redhat.java-0.76.0/dist/extension.js:1:77117)
	at processImmediate (internal/timers.js:456:21)
[2021-03-30 22:35:15.401] [renderer3] [error] The request (id: 202, method: 'textDocument/documentSymbol') has been cancelled: Error: The request (id: 202, method: 'textDocument/documentSymbol') has been cancelled
	at /root/.vscode/extensions/redhat.java-0.76.0/dist/extension.js:1:76464
	at /root/.vscode/extensions/redhat.java-0.76.0/dist/extension.js:1:76758
	at Immediate.<anonymous> (/root/.vscode/extensions/redhat.java-0.76.0/dist/extension.js:1:77117)
	at processImmediate (internal/timers.js:456:21)
[2021-03-30 22:35:20.207] [renderer3] [error] The request (id: 219, method: 'textDocument/documentSymbol') has been cancelled: Error: The request (id: 219, method: 'textDocument/documentSymbol') has been cancelled
	at /root/.vscode/extensions/redhat.java-0.76.0/dist/extension.js:1:76464
	at /root/.vscode/extensions/redhat.java-0.76.0/dist/extension.js:1:76758
	at Immediate.<anonymous> (/root/.vscode/extensions/redhat.java-0.76.0/dist/extension.js:1:77117)
	at processImmediate (internal/timers.js:456:21)
[2021-03-30 22:35:25.998] [renderer3] [error] The request (id: 250, method: 'textDocument/documentSymbol') has been cancelled: Error: The request (id: 250, method: 'textDocument/documentSymbol') has been cancelled
	at /root/.vscode/extensions/redhat.java-0.76.0/dist/extension.js:1:76464
	at /root/.vscode/extensions/redhat.java-0.76.0/dist/extension.js:1:76758
	at Immediate.<anonymous> (/root/.vscode/extensions/redhat.java-0.76.0/dist/extension.js:1:77117)
	at processImmediate (internal/timers.js:456:21)
[2021-03-30 22:35:46.856] [renderer3] [error] The request (id: 312, method: 'textDocument/documentSymbol') has been cancelled: Error: The request (id: 312, method: 'textDocument/documentSymbol') has been cancelled
	at /root/.vscode/extensions/redhat.java-0.76.0/dist/extension.js:1:76464
	at /root/.vscode/extensions/redhat.java-0.76.0/dist/extension.js:1:76758
	at Immediate.<anonymous> (/root/.vscode/extensions/redhat.java-0.76.0/dist/extension.js:1:77117)
	at processImmediate (internal/timers.js:456:21)
[2021-03-30 22:35:51.822] [renderer3] [error] The request (id: 341, method: 'textDocument/documentSymbol') has been cancelled: Error: The request (id: 341, method: 'textDocument/documentSymbol') has been cancelled
	at /root/.vscode/extensions/redhat.java-0.76.0/dist/extension.js:1:76464
	at /root/.vscode/extensions/redhat.java-0.76.0/dist/extension.js:1:76758
	at Immediate.<anonymous> (/root/.vscode/extensions/redhat.java-0.76.0/dist/extension.js:1:77117)
	at processImmediate (internal/timers.js:456:21)
[2021-03-30 22:36:04.703] [renderer3] [error] The request (id: 413, method: 'textDocument/documentSymbol') has been cancelled: Error: The request (id: 413, method: 'textDocument/documentSymbol') has been cancelled
	at /root/.vscode/extensions/redhat.java-0.76.0/dist/extension.js:1:76464
	at /root/.vscode/extensions/redhat.java-0.76.0/dist/extension.js:1:76758
	at Immediate.<anonymous> (/root/.vscode/extensions/redhat.java-0.76.0/dist/extension.js:1:77117)
	at processImmediate (internal/timers.js:456:21)
[2021-03-30 22:36:14.066] [renderer3] [error] The request (id: 488, method: 'textDocument/documentSymbol') has been cancelled: Error: The request (id: 488, method: 'textDocument/documentSymbol') has been cancelled
	at /root/.vscode/extensions/redhat.java-0.76.0/dist/extension.js:1:76464
	at /root/.vscode/extensions/redhat.java-0.76.0/dist/extension.js:1:76758
	at Immediate.<anonymous> (/root/.vscode/extensions/redhat.java-0.76.0/dist/extension.js:1:77117)
	at processImmediate (internal/timers.js:456:21)
[2021-03-30 22:36:15.059] [renderer3] [error] The request (id: 495, method: 'textDocument/documentSymbol') has been cancelled: Error: The request (id: 495, method: 'textDocument/documentSymbol') has been cancelled
	at /root/.vscode/extensions/redhat.java-0.76.0/dist/extension.js:1:76464
	at /root/.vscode/extensions/redhat.java-0.76.0/dist/extension.js:1:76758
	at Immediate.<anonymous> (/root/.vscode/extensions/redhat.java-0.76.0/dist/extension.js:1:77117)
	at processImmediate (internal/timers.js:456:21)
[2021-03-30 22:36:19.056] [renderer3] [error] The request (id: 519, method: 'textDocument/documentSymbol') has been cancelled: Error: The request (id: 519, method: 'textDocument/documentSymbol') has been cancelled
	at /root/.vscode/extensions/redhat.java-0.76.0/dist/extension.js:1:76464
	at /root/.vscode/extensions/redhat.java-0.76.0/dist/extension.js:1:76758
	at Immediate.<anonymous> (/root/.vscode/extensions/redhat.java-0.76.0/dist/extension.js:1:77117)
	at processImmediate (internal/timers.js:456:21)
[2021-03-30 22:36:20.295] [renderer3] [error] The request (id: 524, method: 'textDocument/documentSymbol') has been cancelled: Error: The request (id: 524, method: 'textDocument/documentSymbol') has been cancelled
	at /root/.vscode/extensions/redhat.java-0.76.0/dist/extension.js:1:76464
	at /root/.vscode/extensions/redhat.java-0.76.0/dist/extension.js:1:76758
	at Immediate.<anonymous> (/root/.vscode/extensions/redhat.java-0.76.0/dist/extension.js:1:77117)
	at processImmediate (internal/timers.js:456:21)
[2021-03-30 22:37:14.718] [renderer3] [error] The request (id: 591, method: 'textDocument/hover') has been cancelled: Error: The request (id: 591, method: 'textDocument/hover') has been cancelled
	at /root/.vscode/extensions/redhat.java-0.76.0/dist/extension.js:1:76464
	at /root/.vscode/extensions/redhat.java-0.76.0/dist/extension.js:1:76758
	at Immediate.<anonymous> (/root/.vscode/extensions/redhat.java-0.76.0/dist/extension.js:1:77117)
	at processImmediate (internal/timers.js:456:21)
[2021-03-30 22:49:18.278] [renderer3] [error] The request (id: 594, method: 'textDocument/hover') has been cancelled: Error: The request (id: 594, method: 'textDocument/hover') has been cancelled
	at /root/.vscode/extensions/redhat.java-0.76.0/dist/extension.js:1:76464
	at /root/.vscode/extensions/redhat.java-0.76.0/dist/extension.js:1:76758
	at Immediate.<anonymous> (/root/.vscode/extensions/redhat.java-0.76.0/dist/extension.js:1:77117)
	at processImmediate (internal/timers.js:456:21)
[2021-03-30 22:49:27.711] [renderer3] [error] The request (id: 595, method: 'textDocument/documentSymbol') has been cancelled: Error: The request (id: 595, method: 'textDocument/documentSymbol') has been cancelled
	at /root/.vscode/extensions/redhat.java-0.76.0/dist/extension.js:1:76464
	at /root/.vscode/extensions/redhat.java-0.76.0/dist/extension.js:1:76758
	at Immediate.<anonymous> (/root/.vscode/extensions/redhat.java-0.76.0/dist/extension.js:1:77117)
	at processImmediate (internal/timers.js:456:21)
[2021-03-30 22:49:28.068] [renderer3] [error] The request (id: 599, method: 'textDocument/documentSymbol') has been cancelled: Error: The request (id: 599, method: 'textDocument/documentSymbol') has been cancelled
	at /root/.vscode/extensions/redhat.java-0.76.0/dist/extension.js:1:76464
	at /root/.vscode/extensions/redhat.java-0.76.0/dist/extension.js:1:76758
	at Immediate.<anonymous> (/root/.vscode/extensions/redhat.java-0.76.0/dist/extension.js:1:77117)
	at processImmediate (internal/timers.js:456:21)
[2021-03-30 22:49:35.635] [renderer3] [error] The request (id: 638, method: 'textDocument/documentSymbol') has been cancelled: Error: The request (id: 638, method: 'textDocument/documentSymbol') has been cancelled
	at /root/.vscode/extensions/redhat.java-0.76.0/dist/extension.js:1:76464
	at /root/.vscode/extensions/redhat.java-0.76.0/dist/extension.js:1:76758
	at Immediate.<anonymous> (/root/.vscode/extensions/redhat.java-0.76.0/dist/extension.js:1:77117)
	at processImmediate (internal/timers.js:456:21)
[2021-03-30 22:49:38.173] [renderer3] [error] The request (id: 651, method: 'textDocument/documentSymbol') has been cancelled: Error: The request (id: 651, method: 'textDocument/documentSymbol') has been cancelled
	at /root/.vscode/extensions/redhat.java-0.76.0/dist/extension.js:1:76464
	at /root/.vscode/extensions/redhat.java-0.76.0/dist/extension.js:1:76758
	at Immediate.<anonymous> (/root/.vscode/extensions/redhat.java-0.76.0/dist/extension.js:1:77117)
	at processImmediate (internal/timers.js:456:21)
[2021-03-30 22:49:38.336] [renderer3] [error] Running the contributed command: 'java.execute.workspaceCommand' failed.: Error: Running the contributed command: 'java.execute.workspaceCommand' failed.
	at b._executeContributedCommand (/usr/share/code/resources/app/out/vs/workbench/services/extensions/node/extensionHostProcess.js:86:88571)
[2021-03-30 22:51:16.594] [renderer3] [error] The request (id: 1123, method: 'textDocument/hover') has been cancelled: Error: The request (id: 1123, method: 'textDocument/hover') has been cancelled
	at /root/.vscode/extensions/redhat.java-0.76.0/dist/extension.js:1:76464
	at /root/.vscode/extensions/redhat.java-0.76.0/dist/extension.js:1:76758
	at Immediate.<anonymous> (/root/.vscode/extensions/redhat.java-0.76.0/dist/extension.js:1:77117)
	at processImmediate (internal/timers.js:456:21)
[2021-03-30 22:51:18.081] [renderer3] [error] The request (id: 1127, method: 'textDocument/hover') has been cancelled: Error: The request (id: 1127, method: 'textDocument/hover') has been cancelled
	at /root/.vscode/extensions/redhat.java-0.76.0/dist/extension.js:1:76464
	at /root/.vscode/extensions/redhat.java-0.76.0/dist/extension.js:1:76758
	at Immediate.<anonymous> (/root/.vscode/extensions/redhat.java-0.76.0/dist/extension.js:1:77117)
	at processImmediate (internal/timers.js:456:21)
[2021-03-30 22:51:18.422] [renderer3] [error] The request (id: 1128, method: 'textDocument/hover') has been cancelled: Error: The request (id: 1128, method: 'textDocument/hover') has been cancelled
	at /root/.vscode/extensions/redhat.java-0.76.0/dist/extension.js:1:76464
	at /root/.vscode/extensions/redhat.java-0.76.0/dist/extension.js:1:76758
	at Immediate.<anonymous> (/root/.vscode/extensions/redhat.java-0.76.0/dist/extension.js:1:77117)
	at processImmediate (internal/timers.js:456:21)
[2021-03-30 22:51:20.052] [renderer3] [error] The request (id: 1134, method: 'textDocument/hover') has been cancelled: Error: The request (id: 1134, method: 'textDocument/hover') has been cancelled
	at /root/.vscode/extensions/redhat.java-0.76.0/dist/extension.js:1:76464
	at /root/.vscode/extensions/redhat.java-0.76.0/dist/extension.js:1:76758
	at Immediate.<anonymous> (/root/.vscode/extensions/redhat.java-0.76.0/dist/extension.js:1:77117)
	at processImmediate (internal/timers.js:456:21)
[2021-03-30 22:53:33.583] [renderer3] [error] The request (id: 1535, method: 'textDocument/hover') has been cancelled: Error: The request (id: 1535, method: 'textDocument/hover') has been cancelled
	at /root/.vscode/extensions/redhat.java-0.76.0/dist/extension.js:1:76464
	at /root/.vscode/extensions/redhat.java-0.76.0/dist/extension.js:1:76758
	at Immediate.<anonymous> (/root/.vscode/extensions/redhat.java-0.76.0/dist/extension.js:1:77117)
	at processImmediate (internal/timers.js:456:21)
[2021-03-30 22:53:34.164] [renderer3] [error] The request (id: 1536, method: 'textDocument/hover') has been cancelled: Error: The request (id: 1536, method: 'textDocument/hover') has been cancelled
	at /root/.vscode/extensions/redhat.java-0.76.0/dist/extension.js:1:76464
	at /root/.vscode/extensions/redhat.java-0.76.0/dist/extension.js:1:76758
	at Immediate.<anonymous> (/root/.vscode/extensions/redhat.java-0.76.0/dist/extension.js:1:77117)
	at processImmediate (internal/timers.js:456:21)
