[2021-03-11 11:58:11.398] [renderer1] [error] [File Watcher (node.js)] Error: ENOENT: no such file or directory, stat '/home/vivek/Desktop/PracticeProblems_Java/src/.vscode'
[2021-03-11 11:58:27.823] [renderer1] [error] The request (id: 1, method: 'textDocument/documentSymbol') has been cancelled: Error: The request (id: 1, method: 'textDocument/documentSymbol') has been cancelled
	at /root/.vscode/extensions/redhat.java-0.76.0/dist/extension.js:1:76464
	at /root/.vscode/extensions/redhat.java-0.76.0/dist/extension.js:1:76758
	at Immediate.<anonymous> (/root/.vscode/extensions/redhat.java-0.76.0/dist/extension.js:1:77117)
	at processImmediate (internal/timers.js:456:21)
[2021-03-11 11:58:27.823] [renderer1] [error] The request (id: 2, method: 'textDocument/documentSymbol') has been cancelled: Error: The request (id: 2, method: 'textDocument/documentSymbol') has been cancelled
	at /root/.vscode/extensions/redhat.java-0.76.0/dist/extension.js:1:76464
	at /root/.vscode/extensions/redhat.java-0.76.0/dist/extension.js:1:76758
	at Immediate.<anonymous> (/root/.vscode/extensions/redhat.java-0.76.0/dist/extension.js:1:77117)
	at processImmediate (internal/timers.js:456:21)
[2021-03-11 11:59:05.217] [renderer1] [error] The request (id: 18, method: 'textDocument/hover') has been cancelled: Error: The request (id: 18, method: 'textDocument/hover') has been cancelled
	at /root/.vscode/extensions/redhat.java-0.76.0/dist/extension.js:1:76464
	at /root/.vscode/extensions/redhat.java-0.76.0/dist/extension.js:1:76758
	at Immediate.<anonymous> (/root/.vscode/extensions/redhat.java-0.76.0/dist/extension.js:1:77117)
	at processImmediate (internal/timers.js:456:21)
[2021-03-11 12:01:49.415] [renderer1] [error] The request (id: 65, method: 'textDocument/hover') has been cancelled: Error: The request (id: 65, method: 'textDocument/hover') has been cancelled
	at /root/.vscode/extensions/redhat.java-0.76.0/dist/extension.js:1:76464
	at /root/.vscode/extensions/redhat.java-0.76.0/dist/extension.js:1:76758
	at Immediate.<anonymous> (/root/.vscode/extensions/redhat.java-0.76.0/dist/extension.js:1:77117)
	at processImmediate (internal/timers.js:456:21)
[2021-03-11 12:05:20.604] [renderer1] [error] The request (id: 141, method: 'textDocument/hover') has been cancelled: Error: The request (id: 141, method: 'textDocument/hover') has been cancelled
	at /root/.vscode/extensions/redhat.java-0.76.0/dist/extension.js:1:76464
	at /root/.vscode/extensions/redhat.java-0.76.0/dist/extension.js:1:76758
	at Immediate.<anonymous> (/root/.vscode/extensions/redhat.java-0.76.0/dist/extension.js:1:77117)
	at processImmediate (internal/timers.js:456:21)
[2021-03-11 12:06:08.975] [renderer1] [error] The request (id: 143, method: 'textDocument/documentSymbol') has been cancelled: Error: The request (id: 143, method: 'textDocument/documentSymbol') has been cancelled
	at /root/.vscode/extensions/redhat.java-0.76.0/dist/extension.js:1:76464
	at /root/.vscode/extensions/redhat.java-0.76.0/dist/extension.js:1:76758
	at Immediate.<anonymous> (/root/.vscode/extensions/redhat.java-0.76.0/dist/extension.js:1:77117)
	at processImmediate (internal/timers.js:456:21)
[2021-03-11 12:06:09.789] [renderer1] [error] The request (id: 150, method: 'textDocument/hover') has been cancelled: Error: The request (id: 150, method: 'textDocument/hover') has been cancelled
	at /root/.vscode/extensions/redhat.java-0.76.0/dist/extension.js:1:76464
	at /root/.vscode/extensions/redhat.java-0.76.0/dist/extension.js:1:76758
	at Immediate.<anonymous> (/root/.vscode/extensions/redhat.java-0.76.0/dist/extension.js:1:77117)
	at processImmediate (internal/timers.js:456:21)
[2021-03-11 12:06:10.709] [renderer1] [error] The request (id: 152, method: 'textDocument/hover') has been cancelled: Error: The request (id: 152, method: 'textDocument/hover') has been cancelled
	at /root/.vscode/extensions/redhat.java-0.76.0/dist/extension.js:1:76464
	at /root/.vscode/extensions/redhat.java-0.76.0/dist/extension.js:1:76758
	at Immediate.<anonymous> (/root/.vscode/extensions/redhat.java-0.76.0/dist/extension.js:1:77117)
	at processImmediate (internal/timers.js:456:21)
[2021-03-11 17:41:16.014] [renderer1] [error] The request (id: 178, method: 'textDocument/documentSymbol') has been cancelled: Error: The request (id: 178, method: 'textDocument/documentSymbol') has been cancelled
	at /root/.vscode/extensions/redhat.java-0.76.0/dist/extension.js:1:76464
	at /root/.vscode/extensions/redhat.java-0.76.0/dist/extension.js:1:76758
	at Immediate.<anonymous> (/root/.vscode/extensions/redhat.java-0.76.0/dist/extension.js:1:77117)
	at processImmediate (internal/timers.js:456:21)
[2021-03-11 17:41:16.359] [renderer1] [error] The request (id: 182, method: 'textDocument/documentSymbol') has been cancelled: Error: The request (id: 182, method: 'textDocument/documentSymbol') has been cancelled
	at /root/.vscode/extensions/redhat.java-0.76.0/dist/extension.js:1:76464
	at /root/.vscode/extensions/redhat.java-0.76.0/dist/extension.js:1:76758
	at Immediate.<anonymous> (/root/.vscode/extensions/redhat.java-0.76.0/dist/extension.js:1:77117)
	at processImmediate (internal/timers.js:456:21)
[2021-03-11 17:41:20.494] [renderer1] [error] The request (id: 196, method: 'textDocument/documentSymbol') has been cancelled: Error: The request (id: 196, method: 'textDocument/documentSymbol') has been cancelled
	at /root/.vscode/extensions/redhat.java-0.76.0/dist/extension.js:1:76464
	at /root/.vscode/extensions/redhat.java-0.76.0/dist/extension.js:1:76758
	at Immediate.<anonymous> (/root/.vscode/extensions/redhat.java-0.76.0/dist/extension.js:1:77117)
	at processImmediate (internal/timers.js:456:21)
[2021-03-11 17:42:04.070] [renderer1] [error] The request (id: 297, method: 'textDocument/documentSymbol') has been cancelled: Error: The request (id: 297, method: 'textDocument/documentSymbol') has been cancelled
	at /root/.vscode/extensions/redhat.java-0.76.0/dist/extension.js:1:76464
	at /root/.vscode/extensions/redhat.java-0.76.0/dist/extension.js:1:76758
	at Immediate.<anonymous> (/root/.vscode/extensions/redhat.java-0.76.0/dist/extension.js:1:77117)
	at processImmediate (internal/timers.js:456:21)
[2021-03-11 17:42:19.827] [renderer1] [error] The request (id: 376, method: 'textDocument/documentSymbol') has been cancelled: Error: The request (id: 376, method: 'textDocument/documentSymbol') has been cancelled
	at /root/.vscode/extensions/redhat.java-0.76.0/dist/extension.js:1:76464
	at /root/.vscode/extensions/redhat.java-0.76.0/dist/extension.js:1:76758
	at Immediate.<anonymous> (/root/.vscode/extensions/redhat.java-0.76.0/dist/extension.js:1:77117)
	at processImmediate (internal/timers.js:456:21)
[2021-03-11 17:43:51.874] [renderer1] [error] The request (id: 486, method: 'textDocument/documentSymbol') has been cancelled: Error: The request (id: 486, method: 'textDocument/documentSymbol') has been cancelled
	at /root/.vscode/extensions/redhat.java-0.76.0/dist/extension.js:1:76464
	at /root/.vscode/extensions/redhat.java-0.76.0/dist/extension.js:1:76758
	at Immediate.<anonymous> (/root/.vscode/extensions/redhat.java-0.76.0/dist/extension.js:1:77117)
	at processImmediate (internal/timers.js:456:21)
[2021-03-11 17:45:19.134] [renderer1] [error] The request (id: 557, method: 'textDocument/documentSymbol') has been cancelled: Error: The request (id: 557, method: 'textDocument/documentSymbol') has been cancelled
	at /root/.vscode/extensions/redhat.java-0.76.0/dist/extension.js:1:76464
	at /root/.vscode/extensions/redhat.java-0.76.0/dist/extension.js:1:76758
	at Immediate.<anonymous> (/root/.vscode/extensions/redhat.java-0.76.0/dist/extension.js:1:77117)
	at processImmediate (internal/timers.js:456:21)
[2021-03-11 17:45:36.092] [renderer1] [error] The request (id: 596, method: 'textDocument/documentSymbol') has been cancelled: Error: The request (id: 596, method: 'textDocument/documentSymbol') has been cancelled
	at /root/.vscode/extensions/redhat.java-0.76.0/dist/extension.js:1:76464
	at /root/.vscode/extensions/redhat.java-0.76.0/dist/extension.js:1:76758
	at Immediate.<anonymous> (/root/.vscode/extensions/redhat.java-0.76.0/dist/extension.js:1:77117)
	at processImmediate (internal/timers.js:456:21)
[2021-03-11 17:45:40.801] [renderer1] [error] The request (id: 624, method: 'textDocument/documentSymbol') has been cancelled: Error: The request (id: 624, method: 'textDocument/documentSymbol') has been cancelled
	at /root/.vscode/extensions/redhat.java-0.76.0/dist/extension.js:1:76464
	at /root/.vscode/extensions/redhat.java-0.76.0/dist/extension.js:1:76758
	at Immediate.<anonymous> (/root/.vscode/extensions/redhat.java-0.76.0/dist/extension.js:1:77117)
	at processImmediate (internal/timers.js:456:21)
[2021-03-11 17:46:11.439] [renderer1] [error] The request (id: 783, method: 'textDocument/documentSymbol') has been cancelled: Error: The request (id: 783, method: 'textDocument/documentSymbol') has been cancelled
	at /root/.vscode/extensions/redhat.java-0.76.0/dist/extension.js:1:76464
	at /root/.vscode/extensions/redhat.java-0.76.0/dist/extension.js:1:76758
	at Immediate.<anonymous> (/root/.vscode/extensions/redhat.java-0.76.0/dist/extension.js:1:77117)
	at processImmediate (internal/timers.js:456:21)
[2021-03-11 17:46:20.551] [renderer1] [error] The request (id: 857, method: 'textDocument/documentSymbol') has been cancelled: Error: The request (id: 857, method: 'textDocument/documentSymbol') has been cancelled
	at /root/.vscode/extensions/redhat.java-0.76.0/dist/extension.js:1:76464
	at /root/.vscode/extensions/redhat.java-0.76.0/dist/extension.js:1:76758
	at Immediate.<anonymous> (/root/.vscode/extensions/redhat.java-0.76.0/dist/extension.js:1:77117)
	at processImmediate (internal/timers.js:456:21)
[2021-03-11 17:46:23.303] [renderer1] [error] The request (id: 879, method: 'textDocument/documentSymbol') has been cancelled: Error: The request (id: 879, method: 'textDocument/documentSymbol') has been cancelled
	at /root/.vscode/extensions/redhat.java-0.76.0/dist/extension.js:1:76464
	at /root/.vscode/extensions/redhat.java-0.76.0/dist/extension.js:1:76758
	at Immediate.<anonymous> (/root/.vscode/extensions/redhat.java-0.76.0/dist/extension.js:1:77117)
	at processImmediate (internal/timers.js:456:21)
[2021-03-11 21:23:31.070] [renderer1] [error] The request (id: 988, method: 'textDocument/hover') has been cancelled: Error: The request (id: 988, method: 'textDocument/hover') has been cancelled
	at /root/.vscode/extensions/redhat.java-0.76.0/dist/extension.js:1:76464
	at /root/.vscode/extensions/redhat.java-0.76.0/dist/extension.js:1:76758
	at Immediate.<anonymous> (/root/.vscode/extensions/redhat.java-0.76.0/dist/extension.js:1:77117)
	at processImmediate (internal/timers.js:456:21)
[2021-03-12 21:50:23.072] [renderer1] [error] XHR failed: downloading: XHR failed
    at N.downloadInstallableExtension (file:///usr/share/code/resources/app/out/vs/code/electron-browser/sharedProcess/sharedProcessMain.js:49:26436)
    at async N.doInstallFromGallery (file:///usr/share/code/resources/app/out/vs/code/electron-browser/sharedProcess/sharedProcessMain.js:49:23863)
[2021-03-12 22:18:14.988] [renderer1] [error] The request (id: 990, method: 'textDocument/documentSymbol') has been cancelled: Error: The request (id: 990, method: 'textDocument/documentSymbol') has been cancelled
	at /root/.vscode/extensions/redhat.java-0.76.0/dist/extension.js:1:76464
	at /root/.vscode/extensions/redhat.java-0.76.0/dist/extension.js:1:76758
	at Immediate.<anonymous> (/root/.vscode/extensions/redhat.java-0.76.0/dist/extension.js:1:77117)
	at processImmediate (internal/timers.js:456:21)
[2021-03-12 22:18:38.737] [renderer1] [error] The request (id: 1000, method: 'textDocument/documentSymbol') has been cancelled: Error: The request (id: 1000, method: 'textDocument/documentSymbol') has been cancelled
	at /root/.vscode/extensions/redhat.java-0.76.0/dist/extension.js:1:76464
	at /root/.vscode/extensions/redhat.java-0.76.0/dist/extension.js:1:76758
	at Immediate.<anonymous> (/root/.vscode/extensions/redhat.java-0.76.0/dist/extension.js:1:77117)
	at processImmediate (internal/timers.js:456:21)
[2021-03-12 22:18:39.105] [renderer1] [error] The request (id: 1004, method: 'textDocument/documentSymbol') has been cancelled: Error: The request (id: 1004, method: 'textDocument/documentSymbol') has been cancelled
	at /root/.vscode/extensions/redhat.java-0.76.0/dist/extension.js:1:76464
	at /root/.vscode/extensions/redhat.java-0.76.0/dist/extension.js:1:76758
	at Immediate.<anonymous> (/root/.vscode/extensions/redhat.java-0.76.0/dist/extension.js:1:77117)
	at processImmediate (internal/timers.js:456:21)
[2021-03-12 22:19:02.250] [renderer1] [error] The request (id: 1047, method: 'textDocument/hover') has been cancelled: Error: The request (id: 1047, method: 'textDocument/hover') has been cancelled
	at /root/.vscode/extensions/redhat.java-0.76.0/dist/extension.js:1:76464
	at /root/.vscode/extensions/redhat.java-0.76.0/dist/extension.js:1:76758
	at Immediate.<anonymous> (/root/.vscode/extensions/redhat.java-0.76.0/dist/extension.js:1:77117)
	at processImmediate (internal/timers.js:456:21)
[2021-03-12 22:19:18.875] [renderer1] [error] The request (id: 1093, method: 'textDocument/documentSymbol') has been cancelled: Error: The request (id: 1093, method: 'textDocument/documentSymbol') has been cancelled
	at /root/.vscode/extensions/redhat.java-0.76.0/dist/extension.js:1:76464
	at /root/.vscode/extensions/redhat.java-0.76.0/dist/extension.js:1:76758
	at Immediate.<anonymous> (/root/.vscode/extensions/redhat.java-0.76.0/dist/extension.js:1:77117)
	at processImmediate (internal/timers.js:456:21)
[2021-03-12 22:19:46.094] [renderer1] [error] The request (id: 1132, method: 'textDocument/documentSymbol') has been cancelled: Error: The request (id: 1132, method: 'textDocument/documentSymbol') has been cancelled
	at /root/.vscode/extensions/redhat.java-0.76.0/dist/extension.js:1:76464
	at /root/.vscode/extensions/redhat.java-0.76.0/dist/extension.js:1:76758
	at Immediate.<anonymous> (/root/.vscode/extensions/redhat.java-0.76.0/dist/extension.js:1:77117)
	at processImmediate (internal/timers.js:456:21)
[2021-03-12 22:20:10.871] [renderer1] [error] The request (id: 1186, method: 'textDocument/documentSymbol') has been cancelled: Error: The request (id: 1186, method: 'textDocument/documentSymbol') has been cancelled
	at /root/.vscode/extensions/redhat.java-0.76.0/dist/extension.js:1:76464
	at /root/.vscode/extensions/redhat.java-0.76.0/dist/extension.js:1:76758
	at Immediate.<anonymous> (/root/.vscode/extensions/redhat.java-0.76.0/dist/extension.js:1:77117)
	at processImmediate (internal/timers.js:456:21)
[2021-03-12 22:20:30.967] [renderer1] [error] The request (id: 1222, method: 'textDocument/documentSymbol') has been cancelled: Error: The request (id: 1222, method: 'textDocument/documentSymbol') has been cancelled
	at /root/.vscode/extensions/redhat.java-0.76.0/dist/extension.js:1:76464
	at /root/.vscode/extensions/redhat.java-0.76.0/dist/extension.js:1:76758
	at Immediate.<anonymous> (/root/.vscode/extensions/redhat.java-0.76.0/dist/extension.js:1:77117)
	at processImmediate (internal/timers.js:456:21)
[2021-03-12 22:21:04.280] [renderer1] [error] The request (id: 1364, method: 'textDocument/documentSymbol') has been cancelled: Error: The request (id: 1364, method: 'textDocument/documentSymbol') has been cancelled
	at /root/.vscode/extensions/redhat.java-0.76.0/dist/extension.js:1:76464
	at /root/.vscode/extensions/redhat.java-0.76.0/dist/extension.js:1:76758
	at Immediate.<anonymous> (/root/.vscode/extensions/redhat.java-0.76.0/dist/extension.js:1:77117)
	at processImmediate (internal/timers.js:456:21)
[2021-03-12 22:21:58.693] [renderer1] [error] The request (id: 1512, method: 'textDocument/documentSymbol') has been cancelled: Error: The request (id: 1512, method: 'textDocument/documentSymbol') has been cancelled
	at /root/.vscode/extensions/redhat.java-0.76.0/dist/extension.js:1:76464
	at /root/.vscode/extensions/redhat.java-0.76.0/dist/extension.js:1:76758
	at Immediate.<anonymous> (/root/.vscode/extensions/redhat.java-0.76.0/dist/extension.js:1:77117)
	at processImmediate (internal/timers.js:456:21)
[2021-03-12 22:22:11.892] [renderer1] [error] The request (id: 1569, method: 'textDocument/documentSymbol') has been cancelled: Error: The request (id: 1569, method: 'textDocument/documentSymbol') has been cancelled
	at /root/.vscode/extensions/redhat.java-0.76.0/dist/extension.js:1:76464
	at /root/.vscode/extensions/redhat.java-0.76.0/dist/extension.js:1:76758
	at Immediate.<anonymous> (/root/.vscode/extensions/redhat.java-0.76.0/dist/extension.js:1:77117)
	at processImmediate (internal/timers.js:456:21)
[2021-03-12 22:23:11.348] [renderer1] [error] The request (id: 1869, method: 'textDocument/documentSymbol') has been cancelled: Error: The request (id: 1869, method: 'textDocument/documentSymbol') has been cancelled
	at /root/.vscode/extensions/redhat.java-0.76.0/dist/extension.js:1:76464
	at /root/.vscode/extensions/redhat.java-0.76.0/dist/extension.js:1:76758
	at Immediate.<anonymous> (/root/.vscode/extensions/redhat.java-0.76.0/dist/extension.js:1:77117)
	at processImmediate (internal/timers.js:456:21)
[2021-03-12 22:23:39.732] [renderer1] [error] The request (id: 2020, method: 'textDocument/documentSymbol') has been cancelled: Error: The request (id: 2020, method: 'textDocument/documentSymbol') has been cancelled
	at /root/.vscode/extensions/redhat.java-0.76.0/dist/extension.js:1:76464
	at /root/.vscode/extensions/redhat.java-0.76.0/dist/extension.js:1:76758
	at Immediate.<anonymous> (/root/.vscode/extensions/redhat.java-0.76.0/dist/extension.js:1:77117)
	at processImmediate (internal/timers.js:456:21)
[2021-03-12 22:24:50.163] [renderer1] [error] The request (id: 2312, method: 'textDocument/documentSymbol') has been cancelled: Error: The request (id: 2312, method: 'textDocument/documentSymbol') has been cancelled
	at /root/.vscode/extensions/redhat.java-0.76.0/dist/extension.js:1:76464
	at /root/.vscode/extensions/redhat.java-0.76.0/dist/extension.js:1:76758
	at Immediate.<anonymous> (/root/.vscode/extensions/redhat.java-0.76.0/dist/extension.js:1:77117)
	at processImmediate (internal/timers.js:456:21)
[2021-03-12 22:25:58.447] [renderer1] [error] The request (id: 2493, method: 'textDocument/documentSymbol') has been cancelled: Error: The request (id: 2493, method: 'textDocument/documentSymbol') has been cancelled
	at /root/.vscode/extensions/redhat.java-0.76.0/dist/extension.js:1:76464
	at /root/.vscode/extensions/redhat.java-0.76.0/dist/extension.js:1:76758
	at Immediate.<anonymous> (/root/.vscode/extensions/redhat.java-0.76.0/dist/extension.js:1:77117)
	at processImmediate (internal/timers.js:456:21)
[2021-03-12 22:27:41.100] [renderer1] [error] The request (id: 2737, method: 'textDocument/documentSymbol') has been cancelled: Error: The request (id: 2737, method: 'textDocument/documentSymbol') has been cancelled
	at /root/.vscode/extensions/redhat.java-0.76.0/dist/extension.js:1:76464
	at /root/.vscode/extensions/redhat.java-0.76.0/dist/extension.js:1:76758
	at Immediate.<anonymous> (/root/.vscode/extensions/redhat.java-0.76.0/dist/extension.js:1:77117)
	at processImmediate (internal/timers.js:456:21)
[2021-03-12 22:39:22.766] [renderer1] [error] The request (id: 2822, method: 'textDocument/hover') has been cancelled: Error: The request (id: 2822, method: 'textDocument/hover') has been cancelled
	at /root/.vscode/extensions/redhat.java-0.76.0/dist/extension.js:1:76464
	at /root/.vscode/extensions/redhat.java-0.76.0/dist/extension.js:1:76758
	at Immediate.<anonymous> (/root/.vscode/extensions/redhat.java-0.76.0/dist/extension.js:1:77117)
	at processImmediate (internal/timers.js:456:21)
[2021-03-12 23:00:45.084] [renderer1] [error] The request (id: 2835, method: 'textDocument/documentSymbol') has been cancelled: Error: The request (id: 2835, method: 'textDocument/documentSymbol') has been cancelled
	at /root/.vscode/extensions/redhat.java-0.76.0/dist/extension.js:1:76464
	at /root/.vscode/extensions/redhat.java-0.76.0/dist/extension.js:1:76758
	at Immediate.<anonymous> (/root/.vscode/extensions/redhat.java-0.76.0/dist/extension.js:1:77117)
	at processImmediate (internal/timers.js:456:21)
[2021-03-12 23:00:45.454] [renderer1] [error] The request (id: 2839, method: 'textDocument/documentSymbol') has been cancelled: Error: The request (id: 2839, method: 'textDocument/documentSymbol') has been cancelled
	at /root/.vscode/extensions/redhat.java-0.76.0/dist/extension.js:1:76464
	at /root/.vscode/extensions/redhat.java-0.76.0/dist/extension.js:1:76758
	at Immediate.<anonymous> (/root/.vscode/extensions/redhat.java-0.76.0/dist/extension.js:1:77117)
	at processImmediate (internal/timers.js:456:21)
[2021-03-12 23:00:52.362] [renderer1] [error] The request (id: 2878, method: 'textDocument/documentSymbol') has been cancelled: Error: The request (id: 2878, method: 'textDocument/documentSymbol') has been cancelled
	at /root/.vscode/extensions/redhat.java-0.76.0/dist/extension.js:1:76464
	at /root/.vscode/extensions/redhat.java-0.76.0/dist/extension.js:1:76758
	at Immediate.<anonymous> (/root/.vscode/extensions/redhat.java-0.76.0/dist/extension.js:1:77117)
	at processImmediate (internal/timers.js:456:21)
[2021-03-12 23:00:56.542] [renderer1] [error] The request (id: 2911, method: 'textDocument/documentSymbol') has been cancelled: Error: The request (id: 2911, method: 'textDocument/documentSymbol') has been cancelled
	at /root/.vscode/extensions/redhat.java-0.76.0/dist/extension.js:1:76464
	at /root/.vscode/extensions/redhat.java-0.76.0/dist/extension.js:1:76758
	at Immediate.<anonymous> (/root/.vscode/extensions/redhat.java-0.76.0/dist/extension.js:1:77117)
	at processImmediate (internal/timers.js:456:21)
[2021-03-12 23:00:57.616] [renderer1] [error] The request (id: 2918, method: 'textDocument/documentSymbol') has been cancelled: Error: The request (id: 2918, method: 'textDocument/documentSymbol') has been cancelled
	at /root/.vscode/extensions/redhat.java-0.76.0/dist/extension.js:1:76464
	at /root/.vscode/extensions/redhat.java-0.76.0/dist/extension.js:1:76758
	at Immediate.<anonymous> (/root/.vscode/extensions/redhat.java-0.76.0/dist/extension.js:1:77117)
	at processImmediate (internal/timers.js:456:21)
[2021-03-12 23:02:17.123] [renderer1] [error] The request (id: 3008, method: 'textDocument/documentSymbol') has been cancelled: Error: The request (id: 3008, method: 'textDocument/documentSymbol') has been cancelled
	at /root/.vscode/extensions/redhat.java-0.76.0/dist/extension.js:1:76464
	at /root/.vscode/extensions/redhat.java-0.76.0/dist/extension.js:1:76758
	at Immediate.<anonymous> (/root/.vscode/extensions/redhat.java-0.76.0/dist/extension.js:1:77117)
	at processImmediate (internal/timers.js:456:21)
[2021-03-12 23:03:05.250] [renderer1] [error] The request (id: 3181, method: 'textDocument/documentSymbol') has been cancelled: Error: The request (id: 3181, method: 'textDocument/documentSymbol') has been cancelled
	at /root/.vscode/extensions/redhat.java-0.76.0/dist/extension.js:1:76464
	at /root/.vscode/extensions/redhat.java-0.76.0/dist/extension.js:1:76758
	at Immediate.<anonymous> (/root/.vscode/extensions/redhat.java-0.76.0/dist/extension.js:1:77117)
	at processImmediate (internal/timers.js:456:21)
[2021-03-12 23:04:00.603] [renderer1] [error] The request (id: 3350, method: 'textDocument/documentSymbol') has been cancelled: Error: The request (id: 3350, method: 'textDocument/documentSymbol') has been cancelled
	at /root/.vscode/extensions/redhat.java-0.76.0/dist/extension.js:1:76464
	at /root/.vscode/extensions/redhat.java-0.76.0/dist/extension.js:1:76758
	at Immediate.<anonymous> (/root/.vscode/extensions/redhat.java-0.76.0/dist/extension.js:1:77117)
	at processImmediate (internal/timers.js:456:21)
[2021-03-12 23:04:06.143] [renderer1] [error] The request (id: 3391, method: 'textDocument/documentSymbol') has been cancelled: Error: The request (id: 3391, method: 'textDocument/documentSymbol') has been cancelled
	at /root/.vscode/extensions/redhat.java-0.76.0/dist/extension.js:1:76464
	at /root/.vscode/extensions/redhat.java-0.76.0/dist/extension.js:1:76758
	at Immediate.<anonymous> (/root/.vscode/extensions/redhat.java-0.76.0/dist/extension.js:1:77117)
	at processImmediate (internal/timers.js:456:21)
[2021-03-12 23:06:07.387] [renderer1] [error] The request (id: 3770, method: 'textDocument/documentSymbol') has been cancelled: Error: The request (id: 3770, method: 'textDocument/documentSymbol') has been cancelled
	at /root/.vscode/extensions/redhat.java-0.76.0/dist/extension.js:1:76464
	at /root/.vscode/extensions/redhat.java-0.76.0/dist/extension.js:1:76758
	at Immediate.<anonymous> (/root/.vscode/extensions/redhat.java-0.76.0/dist/extension.js:1:77117)
	at processImmediate (internal/timers.js:456:21)
[2021-03-12 23:06:12.661] [renderer1] [error] The request (id: 3794, method: 'textDocument/documentSymbol') has been cancelled: Error: The request (id: 3794, method: 'textDocument/documentSymbol') has been cancelled
	at /root/.vscode/extensions/redhat.java-0.76.0/dist/extension.js:1:76464
	at /root/.vscode/extensions/redhat.java-0.76.0/dist/extension.js:1:76758
	at Immediate.<anonymous> (/root/.vscode/extensions/redhat.java-0.76.0/dist/extension.js:1:77117)
	at processImmediate (internal/timers.js:456:21)
[2021-03-12 23:07:03.271] [renderer1] [error] The request (id: 3881, method: 'textDocument/documentSymbol') has been cancelled: Error: The request (id: 3881, method: 'textDocument/documentSymbol') has been cancelled
	at /root/.vscode/extensions/redhat.java-0.76.0/dist/extension.js:1:76464
	at /root/.vscode/extensions/redhat.java-0.76.0/dist/extension.js:1:76758
	at Immediate.<anonymous> (/root/.vscode/extensions/redhat.java-0.76.0/dist/extension.js:1:77117)
	at processImmediate (internal/timers.js:456:21)
[2021-03-12 23:07:20.234] [renderer1] [error] The request (id: 3950, method: 'textDocument/documentSymbol') has been cancelled: Error: The request (id: 3950, method: 'textDocument/documentSymbol') has been cancelled
	at /root/.vscode/extensions/redhat.java-0.76.0/dist/extension.js:1:76464
	at /root/.vscode/extensions/redhat.java-0.76.0/dist/extension.js:1:76758
	at Immediate.<anonymous> (/root/.vscode/extensions/redhat.java-0.76.0/dist/extension.js:1:77117)
	at processImmediate (internal/timers.js:456:21)
[2021-03-12 23:07:22.013] [renderer1] [error] The request (id: 3961, method: 'textDocument/documentSymbol') has been cancelled: Error: The request (id: 3961, method: 'textDocument/documentSymbol') has been cancelled
	at /root/.vscode/extensions/redhat.java-0.76.0/dist/extension.js:1:76464
	at /root/.vscode/extensions/redhat.java-0.76.0/dist/extension.js:1:76758
	at Immediate.<anonymous> (/root/.vscode/extensions/redhat.java-0.76.0/dist/extension.js:1:77117)
	at processImmediate (internal/timers.js:456:21)
[2021-03-12 23:07:29.798] [renderer1] [error] The request (id: 3999, method: 'textDocument/documentSymbol') has been cancelled: Error: The request (id: 3999, method: 'textDocument/documentSymbol') has been cancelled
	at /root/.vscode/extensions/redhat.java-0.76.0/dist/extension.js:1:76464
	at /root/.vscode/extensions/redhat.java-0.76.0/dist/extension.js:1:76758
	at Immediate.<anonymous> (/root/.vscode/extensions/redhat.java-0.76.0/dist/extension.js:1:77117)
	at processImmediate (internal/timers.js:456:21)
[2021-03-12 23:07:35.087] [renderer1] [error] The request (id: 4016, method: 'textDocument/documentSymbol') has been cancelled: Error: The request (id: 4016, method: 'textDocument/documentSymbol') has been cancelled
	at /root/.vscode/extensions/redhat.java-0.76.0/dist/extension.js:1:76464
	at /root/.vscode/extensions/redhat.java-0.76.0/dist/extension.js:1:76758
	at Immediate.<anonymous> (/root/.vscode/extensions/redhat.java-0.76.0/dist/extension.js:1:77117)
	at processImmediate (internal/timers.js:456:21)
[2021-03-12 23:08:15.468] [renderer1] [error] The request (id: 4121, method: 'textDocument/documentSymbol') has been cancelled: Error: The request (id: 4121, method: 'textDocument/documentSymbol') has been cancelled
	at /root/.vscode/extensions/redhat.java-0.76.0/dist/extension.js:1:76464
	at /root/.vscode/extensions/redhat.java-0.76.0/dist/extension.js:1:76758
	at Immediate.<anonymous> (/root/.vscode/extensions/redhat.java-0.76.0/dist/extension.js:1:77117)
	at processImmediate (internal/timers.js:456:21)
[2021-03-12 23:08:39.872] [renderer1] [error] The request (id: 4181, method: 'textDocument/documentSymbol') has been cancelled: Error: The request (id: 4181, method: 'textDocument/documentSymbol') has been cancelled
	at /root/.vscode/extensions/redhat.java-0.76.0/dist/extension.js:1:76464
	at /root/.vscode/extensions/redhat.java-0.76.0/dist/extension.js:1:76758
	at Immediate.<anonymous> (/root/.vscode/extensions/redhat.java-0.76.0/dist/extension.js:1:77117)
	at processImmediate (internal/timers.js:456:21)
[2021-03-12 23:11:09.341] [renderer1] [error] The request (id: 4276, method: 'textDocument/hover') has been cancelled: Error: The request (id: 4276, method: 'textDocument/hover') has been cancelled
	at /root/.vscode/extensions/redhat.java-0.76.0/dist/extension.js:1:76464
	at /root/.vscode/extensions/redhat.java-0.76.0/dist/extension.js:1:76758
	at Immediate.<anonymous> (/root/.vscode/extensions/redhat.java-0.76.0/dist/extension.js:1:77117)
	at processImmediate (internal/timers.js:456:21)
[2021-03-12 23:11:42.744] [renderer1] [error] The request (id: 4305, method: 'textDocument/documentSymbol') has been cancelled: Error: The request (id: 4305, method: 'textDocument/documentSymbol') has been cancelled
	at /root/.vscode/extensions/redhat.java-0.76.0/dist/extension.js:1:76464
	at /root/.vscode/extensions/redhat.java-0.76.0/dist/extension.js:1:76758
	at Immediate.<anonymous> (/root/.vscode/extensions/redhat.java-0.76.0/dist/extension.js:1:77117)
	at processImmediate (internal/timers.js:456:21)
[2021-03-13 23:16:35.656] [renderer1] [error] The request (id: 4314, method: 'textDocument/documentSymbol') has been cancelled: Error: The request (id: 4314, method: 'textDocument/documentSymbol') has been cancelled
	at /root/.vscode/extensions/redhat.java-0.76.0/dist/extension.js:1:76464
	at /root/.vscode/extensions/redhat.java-0.76.0/dist/extension.js:1:76758
	at Immediate.<anonymous> (/root/.vscode/extensions/redhat.java-0.76.0/dist/extension.js:1:77117)
	at processImmediate (internal/timers.js:456:21)
[2021-03-13 23:16:36.022] [renderer1] [error] The request (id: 4318, method: 'textDocument/documentSymbol') has been cancelled: Error: The request (id: 4318, method: 'textDocument/documentSymbol') has been cancelled
	at /root/.vscode/extensions/redhat.java-0.76.0/dist/extension.js:1:76464
	at /root/.vscode/extensions/redhat.java-0.76.0/dist/extension.js:1:76758
	at Immediate.<anonymous> (/root/.vscode/extensions/redhat.java-0.76.0/dist/extension.js:1:77117)
	at processImmediate (internal/timers.js:456:21)
[2021-03-13 23:16:53.203] [renderer1] [error] The request (id: 4405, method: 'textDocument/documentSymbol') has been cancelled: Error: The request (id: 4405, method: 'textDocument/documentSymbol') has been cancelled
	at /root/.vscode/extensions/redhat.java-0.76.0/dist/extension.js:1:76464
	at /root/.vscode/extensions/redhat.java-0.76.0/dist/extension.js:1:76758
	at Immediate.<anonymous> (/root/.vscode/extensions/redhat.java-0.76.0/dist/extension.js:1:77117)
	at processImmediate (internal/timers.js:456:21)
[2021-03-13 23:16:53.894] [renderer1] [error] The request (id: 4413, method: 'textDocument/documentSymbol') has been cancelled: Error: The request (id: 4413, method: 'textDocument/documentSymbol') has been cancelled
	at /root/.vscode/extensions/redhat.java-0.76.0/dist/extension.js:1:76464
	at /root/.vscode/extensions/redhat.java-0.76.0/dist/extension.js:1:76758
	at Immediate.<anonymous> (/root/.vscode/extensions/redhat.java-0.76.0/dist/extension.js:1:77117)
	at processImmediate (internal/timers.js:456:21)
[2021-03-13 23:17:04.270] [renderer1] [error] The request (id: 4466, method: 'textDocument/documentSymbol') has been cancelled: Error: The request (id: 4466, method: 'textDocument/documentSymbol') has been cancelled
	at /root/.vscode/extensions/redhat.java-0.76.0/dist/extension.js:1:76464
	at /root/.vscode/extensions/redhat.java-0.76.0/dist/extension.js:1:76758
	at Immediate.<anonymous> (/root/.vscode/extensions/redhat.java-0.76.0/dist/extension.js:1:77117)
	at processImmediate (internal/timers.js:456:21)
[2021-03-13 23:17:05.405] [renderer1] [error] The request (id: 4470, method: 'textDocument/documentSymbol') has been cancelled: Error: The request (id: 4470, method: 'textDocument/documentSymbol') has been cancelled
	at /root/.vscode/extensions/redhat.java-0.76.0/dist/extension.js:1:76464
	at /root/.vscode/extensions/redhat.java-0.76.0/dist/extension.js:1:76758
	at Immediate.<anonymous> (/root/.vscode/extensions/redhat.java-0.76.0/dist/extension.js:1:77117)
	at processImmediate (internal/timers.js:456:21)
[2021-03-13 23:17:05.820] [renderer1] [error] The request (id: 4475, method: 'textDocument/documentSymbol') has been cancelled: Error: The request (id: 4475, method: 'textDocument/documentSymbol') has been cancelled
	at /root/.vscode/extensions/redhat.java-0.76.0/dist/extension.js:1:76464
	at /root/.vscode/extensions/redhat.java-0.76.0/dist/extension.js:1:76758
	at Immediate.<anonymous> (/root/.vscode/extensions/redhat.java-0.76.0/dist/extension.js:1:77117)
	at processImmediate (internal/timers.js:456:21)
[2021-03-13 23:17:47.762] [renderer1] [error] The request (id: 4611, method: 'textDocument/documentSymbol') has been cancelled: Error: The request (id: 4611, method: 'textDocument/documentSymbol') has been cancelled
	at /root/.vscode/extensions/redhat.java-0.76.0/dist/extension.js:1:76464
	at /root/.vscode/extensions/redhat.java-0.76.0/dist/extension.js:1:76758
	at Immediate.<anonymous> (/root/.vscode/extensions/redhat.java-0.76.0/dist/extension.js:1:77117)
	at processImmediate (internal/timers.js:456:21)
[2021-03-13 23:17:48.367] [renderer1] [error] The request (id: 4616, method: 'textDocument/documentSymbol') has been cancelled: Error: The request (id: 4616, method: 'textDocument/documentSymbol') has been cancelled
	at /root/.vscode/extensions/redhat.java-0.76.0/dist/extension.js:1:76464
	at /root/.vscode/extensions/redhat.java-0.76.0/dist/extension.js:1:76758
	at Immediate.<anonymous> (/root/.vscode/extensions/redhat.java-0.76.0/dist/extension.js:1:77117)
	at processImmediate (internal/timers.js:456:21)
[2021-03-13 23:17:50.473] [renderer1] [error] The request (id: 4632, method: 'textDocument/documentSymbol') has been cancelled: Error: The request (id: 4632, method: 'textDocument/documentSymbol') has been cancelled
	at /root/.vscode/extensions/redhat.java-0.76.0/dist/extension.js:1:76464
	at /root/.vscode/extensions/redhat.java-0.76.0/dist/extension.js:1:76758
	at Immediate.<anonymous> (/root/.vscode/extensions/redhat.java-0.76.0/dist/extension.js:1:77117)
	at processImmediate (internal/timers.js:456:21)
[2021-03-13 23:17:56.592] [renderer1] [error] The request (id: 4653, method: 'textDocument/documentSymbol') has been cancelled: Error: The request (id: 4653, method: 'textDocument/documentSymbol') has been cancelled
	at /root/.vscode/extensions/redhat.java-0.76.0/dist/extension.js:1:76464
	at /root/.vscode/extensions/redhat.java-0.76.0/dist/extension.js:1:76758
	at Immediate.<anonymous> (/root/.vscode/extensions/redhat.java-0.76.0/dist/extension.js:1:77117)
	at processImmediate (internal/timers.js:456:21)
[2021-03-13 23:17:57.550] [renderer1] [error] The request (id: 4658, method: 'textDocument/documentSymbol') has been cancelled: Error: The request (id: 4658, method: 'textDocument/documentSymbol') has been cancelled
	at /root/.vscode/extensions/redhat.java-0.76.0/dist/extension.js:1:76464
	at /root/.vscode/extensions/redhat.java-0.76.0/dist/extension.js:1:76758
	at Immediate.<anonymous> (/root/.vscode/extensions/redhat.java-0.76.0/dist/extension.js:1:77117)
	at processImmediate (internal/timers.js:456:21)
[2021-03-13 23:18:09.386] [renderer1] [error] The request (id: 4723, method: 'textDocument/documentSymbol') has been cancelled: Error: The request (id: 4723, method: 'textDocument/documentSymbol') has been cancelled
	at /root/.vscode/extensions/redhat.java-0.76.0/dist/extension.js:1:76464
	at /root/.vscode/extensions/redhat.java-0.76.0/dist/extension.js:1:76758
	at Immediate.<anonymous> (/root/.vscode/extensions/redhat.java-0.76.0/dist/extension.js:1:77117)
	at processImmediate (internal/timers.js:456:21)
[2021-03-13 23:18:28.300] [renderer1] [error] The request (id: 4788, method: 'textDocument/documentSymbol') has been cancelled: Error: The request (id: 4788, method: 'textDocument/documentSymbol') has been cancelled
	at /root/.vscode/extensions/redhat.java-0.76.0/dist/extension.js:1:76464
	at /root/.vscode/extensions/redhat.java-0.76.0/dist/extension.js:1:76758
	at Immediate.<anonymous> (/root/.vscode/extensions/redhat.java-0.76.0/dist/extension.js:1:77117)
	at processImmediate (internal/timers.js:456:21)
[2021-03-13 23:18:46.603] [renderer1] [error] The request (id: 4863, method: 'textDocument/documentSymbol') has been cancelled: Error: The request (id: 4863, method: 'textDocument/documentSymbol') has been cancelled
	at /root/.vscode/extensions/redhat.java-0.76.0/dist/extension.js:1:76464
	at /root/.vscode/extensions/redhat.java-0.76.0/dist/extension.js:1:76758
	at Immediate.<anonymous> (/root/.vscode/extensions/redhat.java-0.76.0/dist/extension.js:1:77117)
	at processImmediate (internal/timers.js:456:21)
[2021-03-13 23:18:56.345] [renderer1] [error] The request (id: 4940, method: 'textDocument/documentSymbol') has been cancelled: Error: The request (id: 4940, method: 'textDocument/documentSymbol') has been cancelled
	at /root/.vscode/extensions/redhat.java-0.76.0/dist/extension.js:1:76464
	at /root/.vscode/extensions/redhat.java-0.76.0/dist/extension.js:1:76758
	at Immediate.<anonymous> (/root/.vscode/extensions/redhat.java-0.76.0/dist/extension.js:1:77117)
	at processImmediate (internal/timers.js:456:21)
[2021-03-13 23:21:28.608] [renderer1] [error] The request (id: 5111, method: 'textDocument/documentSymbol') has been cancelled: Error: The request (id: 5111, method: 'textDocument/documentSymbol') has been cancelled
	at /root/.vscode/extensions/redhat.java-0.76.0/dist/extension.js:1:76464
	at /root/.vscode/extensions/redhat.java-0.76.0/dist/extension.js:1:76758
	at Immediate.<anonymous> (/root/.vscode/extensions/redhat.java-0.76.0/dist/extension.js:1:77117)
	at processImmediate (internal/timers.js:456:21)
[2021-03-13 23:21:49.109] [renderer1] [error] The request (id: 5156, method: 'textDocument/documentSymbol') has been cancelled: Error: The request (id: 5156, method: 'textDocument/documentSymbol') has been cancelled
	at /root/.vscode/extensions/redhat.java-0.76.0/dist/extension.js:1:76464
	at /root/.vscode/extensions/redhat.java-0.76.0/dist/extension.js:1:76758
	at Immediate.<anonymous> (/root/.vscode/extensions/redhat.java-0.76.0/dist/extension.js:1:77117)
	at processImmediate (internal/timers.js:456:21)
[2021-03-13 23:22:51.804] [renderer1] [error] The request (id: 5240, method: 'textDocument/hover') has been cancelled: Error: The request (id: 5240, method: 'textDocument/hover') has been cancelled
	at /root/.vscode/extensions/redhat.java-0.76.0/dist/extension.js:1:76464
	at /root/.vscode/extensions/redhat.java-0.76.0/dist/extension.js:1:76758
	at Immediate.<anonymous> (/root/.vscode/extensions/redhat.java-0.76.0/dist/extension.js:1:77117)
	at processImmediate (internal/timers.js:456:21)
[2021-03-14 00:20:03.754] [renderer1] [error] The request (id: 5303, method: 'textDocument/documentSymbol') has been cancelled: Error: The request (id: 5303, method: 'textDocument/documentSymbol') has been cancelled
	at /root/.vscode/extensions/redhat.java-0.76.0/dist/extension.js:1:76464
	at /root/.vscode/extensions/redhat.java-0.76.0/dist/extension.js:1:76758
	at Immediate.<anonymous> (/root/.vscode/extensions/redhat.java-0.76.0/dist/extension.js:1:77117)
	at processImmediate (internal/timers.js:456:21)
[2021-03-14 00:20:04.115] [renderer1] [error] The request (id: 5307, method: 'textDocument/documentSymbol') has been cancelled: Error: The request (id: 5307, method: 'textDocument/documentSymbol') has been cancelled
	at /root/.vscode/extensions/redhat.java-0.76.0/dist/extension.js:1:76464
	at /root/.vscode/extensions/redhat.java-0.76.0/dist/extension.js:1:76758
	at Immediate.<anonymous> (/root/.vscode/extensions/redhat.java-0.76.0/dist/extension.js:1:77117)
	at processImmediate (internal/timers.js:456:21)
[2021-03-14 00:20:15.078] [renderer1] [error] The request (id: 5337, method: 'textDocument/documentSymbol') has been cancelled: Error: The request (id: 5337, method: 'textDocument/documentSymbol') has been cancelled
	at /root/.vscode/extensions/redhat.java-0.76.0/dist/extension.js:1:76464
	at /root/.vscode/extensions/redhat.java-0.76.0/dist/extension.js:1:76758
	at Immediate.<anonymous> (/root/.vscode/extensions/redhat.java-0.76.0/dist/extension.js:1:77117)
	at processImmediate (internal/timers.js:456:21)
[2021-03-14 00:21:18.534] [renderer1] [error] The request (id: 5493, method: 'textDocument/documentSymbol') has been cancelled: Error: The request (id: 5493, method: 'textDocument/documentSymbol') has been cancelled
	at /root/.vscode/extensions/redhat.java-0.76.0/dist/extension.js:1:76464
	at /root/.vscode/extensions/redhat.java-0.76.0/dist/extension.js:1:76758
	at Immediate.<anonymous> (/root/.vscode/extensions/redhat.java-0.76.0/dist/extension.js:1:77117)
	at processImmediate (internal/timers.js:456:21)
[2021-03-14 00:21:19.093] [renderer1] [error] The request (id: 5500, method: 'textDocument/documentSymbol') has been cancelled: Error: The request (id: 5500, method: 'textDocument/documentSymbol') has been cancelled
	at /root/.vscode/extensions/redhat.java-0.76.0/dist/extension.js:1:76464
	at /root/.vscode/extensions/redhat.java-0.76.0/dist/extension.js:1:76758
	at Immediate.<anonymous> (/root/.vscode/extensions/redhat.java-0.76.0/dist/extension.js:1:77117)
	at processImmediate (internal/timers.js:456:21)
[2021-03-14 00:21:28.264] [renderer1] [error] The request (id: 5540, method: 'textDocument/documentSymbol') has been cancelled: Error: The request (id: 5540, method: 'textDocument/documentSymbol') has been cancelled
	at /root/.vscode/extensions/redhat.java-0.76.0/dist/extension.js:1:76464
	at /root/.vscode/extensions/redhat.java-0.76.0/dist/extension.js:1:76758
	at Immediate.<anonymous> (/root/.vscode/extensions/redhat.java-0.76.0/dist/extension.js:1:77117)
	at processImmediate (internal/timers.js:456:21)
[2021-03-14 00:22:48.342] [renderer1] [error] The request (id: 5635, method: 'textDocument/documentSymbol') has been cancelled: Error: The request (id: 5635, method: 'textDocument/documentSymbol') has been cancelled
	at /root/.vscode/extensions/redhat.java-0.76.0/dist/extension.js:1:76464
	at /root/.vscode/extensions/redhat.java-0.76.0/dist/extension.js:1:76758
	at Immediate.<anonymous> (/root/.vscode/extensions/redhat.java-0.76.0/dist/extension.js:1:77117)
	at processImmediate (internal/timers.js:456:21)
[2021-03-14 00:22:55.835] [renderer1] [error] The request (id: 5678, method: 'textDocument/documentSymbol') has been cancelled: Error: The request (id: 5678, method: 'textDocument/documentSymbol') has been cancelled
	at /root/.vscode/extensions/redhat.java-0.76.0/dist/extension.js:1:76464
	at /root/.vscode/extensions/redhat.java-0.76.0/dist/extension.js:1:76758
	at Immediate.<anonymous> (/root/.vscode/extensions/redhat.java-0.76.0/dist/extension.js:1:77117)
	at processImmediate (internal/timers.js:456:21)
[2021-03-14 00:23:41.122] [renderer1] [error] The request (id: 5789, method: 'textDocument/documentSymbol') has been cancelled: Error: The request (id: 5789, method: 'textDocument/documentSymbol') has been cancelled
	at /root/.vscode/extensions/redhat.java-0.76.0/dist/extension.js:1:76464
	at /root/.vscode/extensions/redhat.java-0.76.0/dist/extension.js:1:76758
	at Immediate.<anonymous> (/root/.vscode/extensions/redhat.java-0.76.0/dist/extension.js:1:77117)
	at processImmediate (internal/timers.js:456:21)
[2021-03-14 00:23:41.525] [renderer1] [error] The request (id: 5795, method: 'textDocument/documentSymbol') has been cancelled: Error: The request (id: 5795, method: 'textDocument/documentSymbol') has been cancelled
	at /root/.vscode/extensions/redhat.java-0.76.0/dist/extension.js:1:76464
	at /root/.vscode/extensions/redhat.java-0.76.0/dist/extension.js:1:76758
	at Immediate.<anonymous> (/root/.vscode/extensions/redhat.java-0.76.0/dist/extension.js:1:77117)
	at processImmediate (internal/timers.js:456:21)
[2021-03-14 00:23:46.144] [renderer1] [error] The request (id: 5824, method: 'textDocument/documentSymbol') has been cancelled: Error: The request (id: 5824, method: 'textDocument/documentSymbol') has been cancelled
	at /root/.vscode/extensions/redhat.java-0.76.0/dist/extension.js:1:76464
	at /root/.vscode/extensions/redhat.java-0.76.0/dist/extension.js:1:76758
	at Immediate.<anonymous> (/root/.vscode/extensions/redhat.java-0.76.0/dist/extension.js:1:77117)
	at processImmediate (internal/timers.js:456:21)
[2021-03-14 00:24:02.970] [renderer1] [error] The request (id: 5910, method: 'textDocument/documentSymbol') has been cancelled: Error: The request (id: 5910, method: 'textDocument/documentSymbol') has been cancelled
	at /root/.vscode/extensions/redhat.java-0.76.0/dist/extension.js:1:76464
	at /root/.vscode/extensions/redhat.java-0.76.0/dist/extension.js:1:76758
	at Immediate.<anonymous> (/root/.vscode/extensions/redhat.java-0.76.0/dist/extension.js:1:77117)
	at processImmediate (internal/timers.js:456:21)
[2021-03-14 00:24:03.454] [renderer1] [error] The request (id: 5917, method: 'textDocument/documentSymbol') has been cancelled: Error: The request (id: 5917, method: 'textDocument/documentSymbol') has been cancelled
	at /root/.vscode/extensions/redhat.java-0.76.0/dist/extension.js:1:76464
	at /root/.vscode/extensions/redhat.java-0.76.0/dist/extension.js:1:76758
	at Immediate.<anonymous> (/root/.vscode/extensions/redhat.java-0.76.0/dist/extension.js:1:77117)
	at processImmediate (internal/timers.js:456:21)
[2021-03-14 00:24:30.482] [renderer1] [error] The request (id: 6028, method: 'textDocument/documentSymbol') has been cancelled: Error: The request (id: 6028, method: 'textDocument/documentSymbol') has been cancelled
	at /root/.vscode/extensions/redhat.java-0.76.0/dist/extension.js:1:76464
	at /root/.vscode/extensions/redhat.java-0.76.0/dist/extension.js:1:76758
	at Immediate.<anonymous> (/root/.vscode/extensions/redhat.java-0.76.0/dist/extension.js:1:77117)
	at processImmediate (internal/timers.js:456:21)
[2021-03-14 00:25:31.300] [renderer1] [error] The request (id: 6077, method: 'textDocument/hover') has been cancelled: Error: The request (id: 6077, method: 'textDocument/hover') has been cancelled
	at /root/.vscode/extensions/redhat.java-0.76.0/dist/extension.js:1:76464
	at /root/.vscode/extensions/redhat.java-0.76.0/dist/extension.js:1:76758
	at Immediate.<anonymous> (/root/.vscode/extensions/redhat.java-0.76.0/dist/extension.js:1:77117)
	at processImmediate (internal/timers.js:456:21)
