[2021-03-11 11:55:18.822] [sharedprocess] [error] [File Watcher (node.js)] Error: ENOENT: no such file or directory, stat '/home/vivek/Desktop/PracticeProblems_Java/~/.vscode/User/snippets'
[2021-03-11 11:55:19.092] [sharedprocess] [info] Deleted from disk vscjava.vscode-maven /root/.vscode/extensions/vscjava.vscode-maven-0.27.1
[2021-03-11 11:55:58.759] [sharedprocess] [info] Starting to clean up unused language packs.
[2021-03-12 21:50:05.178] [sharedprocess] [info] Installing extension: golang.go
[2021-03-12 21:50:23.061] [sharedprocess] [error] Failed to install extension: golang.go XHR failed
[2021-03-12 21:50:23.066] [sharedprocess] [error] [uncaught exception in sharedProcess]: XHR failed: downloading: XHR failed
    at N.downloadInstallableExtension (file:///usr/share/code/resources/app/out/vs/code/electron-browser/sharedProcess/sharedProcessMain.js:49:26436)
    at async N.doInstallFromGallery (file:///usr/share/code/resources/app/out/vs/code/electron-browser/sharedProcess/sharedProcessMain.js:49:23863)
[2021-03-15 11:35:11.828] [sharedprocess] [info] Installing extension: golang.go
[2021-03-15 11:35:13.570] [sharedprocess] [info] Downloaded extension: golang.go undefined
[2021-03-15 11:35:13.679] [sharedprocess] [info] Extracted extension to /root/.vscode/extensions/.golang.go-0.23.2: golang.go
[2021-03-15 11:35:13.680] [sharedprocess] [info] Renamed to /root/.vscode/extensions/golang.go-0.23.2
[2021-03-15 11:35:13.681] [sharedprocess] [info] Installation completed. golang.go
[2021-03-15 11:35:13.757] [sharedprocess] [info] Extensions installed successfully: golang.go
[2021-03-30 22:02:38.877] [sharedprocess] [info] Installing extension: golang.go
[2021-03-30 22:02:38.885] [sharedprocess] [info] Installing extension: visualstudioexptteam.vscodeintellicode
[2021-03-30 22:02:38.887] [sharedprocess] [info] Installing extension: vscjava.vscode-java-dependency
[2021-03-30 22:02:42.485] [sharedprocess] [info] Downloaded extension: vscjava.vscode-java-dependency undefined
[2021-03-30 22:02:42.583] [sharedprocess] [info] Downloaded extension: golang.go undefined
[2021-03-30 22:02:42.633] [sharedprocess] [info] Extracted extension to /root/.vscode/extensions/.vscjava.vscode-java-dependency-0.18.2: vscjava.vscode-java-dependency
[2021-03-30 22:02:42.633] [sharedprocess] [info] Renamed to /root/.vscode/extensions/vscjava.vscode-java-dependency-0.18.2
[2021-03-30 22:02:42.634] [sharedprocess] [info] Installation completed. vscjava.vscode-java-dependency
[2021-03-30 22:02:42.724] [sharedprocess] [info] Extensions installed successfully: vscjava.vscode-java-dependency
[2021-03-30 22:02:42.767] [sharedprocess] [info] Extracted extension to /root/.vscode/extensions/.golang.go-0.23.3: golang.go
[2021-03-30 22:02:42.767] [sharedprocess] [info] Renamed to /root/.vscode/extensions/golang.go-0.23.3
[2021-03-30 22:02:42.769] [sharedprocess] [info] Installation completed. golang.go
[2021-03-30 22:02:42.839] [sharedprocess] [info] Extensions installed successfully: golang.go
[2021-03-30 22:02:49.007] [sharedprocess] [info] Downloaded extension: visualstudioexptteam.vscodeintellicode undefined
[2021-03-30 22:02:49.401] [sharedprocess] [info] Extracted extension to /root/.vscode/extensions/.visualstudioexptteam.vscodeintellicode-1.2.12: visualstudioexptteam.vscodeintellicode
[2021-03-30 22:02:49.401] [sharedprocess] [info] Renamed to /root/.vscode/extensions/visualstudioexptteam.vscodeintellicode-1.2.12
[2021-03-30 22:02:49.401] [sharedprocess] [info] Installation completed. visualstudioexptteam.vscodeintellicode
[2021-03-30 22:02:49.527] [sharedprocess] [info] Extensions installed successfully: visualstudioexptteam.vscodeintellicode
